#
# There is insufficient memory for the Java Runtime Environment to continue.
# Native memory allocation (mmap) failed to map 4161536 bytes for G1 virtual space
# Possible reasons:
#   The system is out of physical RAM or swap space
#   The process is running with CompressedOops enabled, and the Java Heap may be blocking the growth of the native heap
# Possible solutions:
#   Reduce memory load on the system
#   Increase physical memory or swap space
#   Check if swap backing store is full
#   Decrease Java heap size (-Xmx/-Xms)
#   Decrease number of Java threads
#   Decrease Java thread stack sizes (-Xss)
#   Set larger code cache with -XX:ReservedCodeCacheSize=
#   JVM is running with Zero Based Compressed Oops mode in which the Java heap is
#     placed in the first 32GB address space. The Java Heap base address is the
#     maximum limit for the native heap growth. Please use -XX:HeapBaseMinAddress
#     to set the Java Heap base and to place the Java Heap above 32GB virtual address.
# This output file may be truncated or incomplete.
#
#  Out of Memory Error (os_windows.cpp:3559), pid=4596, tid=644
#
# JRE version:  (17.0.7+7) (build )
# Java VM: OpenJDK 64-Bit Server VM (17.0.7+7, mixed mode, emulated-client, sharing, tiered, compressed oops, compressed class ptrs, g1 gc, windows-amd64)
# No core dump will be written. Minidumps are not enabled by default on client versions of Windows
#

---------------  S U M M A R Y ------------

Command Line: -Dcom.sun.management.jmxremote -Dcom.sun.management.jmxremote.port=53132 -Dcom.sun.management.jmxremote.authenticate=false -Dcom.sun.management.jmxremote.ssl=false -Djava.rmi.server.hostname=localhost -Dspring.jmx.enabled=true -Dmanagement.endpoints.jmx.exposure.include=* -Dspring.application.admin.enabled=true -XX:TieredStopAtLevel=1 -Dspring.boot.project.name=provisioning -Dfile.encoding=UTF-8 -XX:+ShowCodeDetailsInExceptionMessages com.hacom.ussdmxaprovisionamiento.UssdMxAprovisionamientoApplication --spring.output.ansi.enabled=always

Host: Intel(R) Core(TM) i7-10610U CPU @ 1.80GHz, 8 cores, 15G,  Windows 10 , 64 bit Build 19041 (10.0.19041.3636)
Time: Mon May 27 09:08:17 2024 Hora est. Pacífico, Sudamérica elapsed time: 0.077423 seconds (0d 0h 0m 0s)

---------------  T H R E A D  ---------------

Current thread (0x000001d077b94150):  JavaThread "Unknown thread" [_thread_in_vm, id=644, stack(0x00000046d0800000,0x00000046d0900000)]

Stack: [0x00000046d0800000,0x00000046d0900000]
Native frames: (J=compiled Java code, j=interpreted, Vv=VM code, C=native code)
V  [jvm.dll+0x67754a]
V  [jvm.dll+0x834304]
V  [jvm.dll+0x835aae]
V  [jvm.dll+0x836113]
V  [jvm.dll+0x24696f]
V  [jvm.dll+0x6743f9]
V  [jvm.dll+0x668c8a]
V  [jvm.dll+0x3061bb]
V  [jvm.dll+0x30d6a6]
V  [jvm.dll+0x35cee3]
V  [jvm.dll+0x35d0ff]
V  [jvm.dll+0x2dd048]
V  [jvm.dll+0x2ddfb4]
V  [jvm.dll+0x8066d1]
V  [jvm.dll+0x36ac91]
V  [jvm.dll+0x7e5cec]
V  [jvm.dll+0x3ed56f]
V  [jvm.dll+0x3ef0a1]
C  [jli.dll+0x528b]
C  [ucrtbase.dll+0x21bb2]
C  [KERNEL32.DLL+0x17344]
C  [ntdll.dll+0x526b1]


---------------  P R O C E S S  ---------------

Threads class SMR info:
_java_thread_list=0x00007ff8fbd47018, length=0, elements={
}

Java Threads: ( => current thread )

Other Threads:
  0x000001d077bfe560 GCTaskThread "GC Thread#0" [stack: 0x00000046d0900000,0x00000046d0a00000] [id=24248]
  0x000001d077c10040 ConcurrentGCThread "G1 Main Marker" [stack: 0x00000046d0a00000,0x00000046d0b00000] [id=1588]
  0x000001d077c119e0 ConcurrentGCThread "G1 Conc#0" [stack: 0x00000046d0b00000,0x00000046d0c00000] [id=13396]

[error occurred during error reporting (printing all threads), id 0xc0000005, EXCEPTION_ACCESS_VIOLATION (0xc0000005) at pc=0x00007ff8fb51daf7]

VM state: not at safepoint (not fully initialized)

VM Mutex/Monitor currently owned by a thread:  ([mutex/lock_event])
[0x000001d077b8f6e0] Heap_lock - owner thread: 0x000001d077b94150

Heap address: 0x0000000703800000, size: 4040 MB, Compressed Oops mode: Zero based, Oop shift amount: 3

CDS archive(s) mapped at: [0x0000000000000000-0x0000000000000000-0x0000000000000000), size 0, SharedBaseAddress: 0x0000000800000000, ArchiveRelocationMode: 0.
Narrow klass base: 0x0000000000000000, Narrow klass shift: 0, Narrow klass range: 0x0

GC Precious Log:
<Empty>

Heap:
 garbage-first heap   total 0K, used 0K [0x0000000703800000, 0x0000000800000000)
  region size 2048K, 0 young (0K), 0 survivors (0K)

[error occurred during error reporting (printing heap information), id 0xc0000005, EXCEPTION_ACCESS_VIOLATION (0xc0000005) at pc=0x00007ff8fb900db9]

GC Heap History (0 events):
No events

Dll operation events (1 events):
Event: 0.054 Loaded shared library C:\Users\B38797\OneDrive - Interbank\Documentos\sts-4.18.1.RELEASE\plugins\org.eclipse.justj.openjdk.hotspot.jre.full.win32.x86_64_17.0.7.v20230425-1502\jre\bin\java.dll

Deoptimization events (0 events):
No events

Classes unloaded (0 events):
No events

Classes redefined (0 events):
No events

Internal exceptions (0 events):
No events

VM Operations (0 events):
No events

Events (0 events):
No events


Dynamic libraries:
0x00007ff672620000 - 0x00007ff67262e000 	C:\Users\B38797\OneDrive - Interbank\Documentos\sts-4.18.1.RELEASE\plugins\org.eclipse.justj.openjdk.hotspot.jre.full.win32.x86_64_17.0.7.v20230425-1502\jre\bin\javaw.exe
0x00007ff9c5cb0000 - 0x00007ff9c5ea8000 	C:\WINDOWS\SYSTEM32\ntdll.dll
0x00007ff9c5850000 - 0x00007ff9c590d000 	C:\WINDOWS\System32\KERNEL32.DLL
0x00007ff9c3770000 - 0x00007ff9c3a66000 	C:\WINDOWS\System32\KERNELBASE.dll
0x00007ff9c3500000 - 0x00007ff9c3600000 	C:\WINDOWS\System32\ucrtbase.dll
0x00007ff97c8b0000 - 0x00007ff97c8c7000 	C:\Users\B38797\OneDrive - Interbank\Documentos\sts-4.18.1.RELEASE\plugins\org.eclipse.justj.openjdk.hotspot.jre.full.win32.x86_64_17.0.7.v20230425-1502\jre\bin\jli.dll
0x00007ff97c850000 - 0x00007ff97c869000 	C:\Users\B38797\OneDrive - Interbank\Documentos\sts-4.18.1.RELEASE\plugins\org.eclipse.justj.openjdk.hotspot.jre.full.win32.x86_64_17.0.7.v20230425-1502\jre\bin\VCRUNTIME140.dll
0x00007ff9c3d00000 - 0x00007ff9c3e9f000 	C:\WINDOWS\System32\USER32.dll
0x00007ff9c3690000 - 0x00007ff9c36b2000 	C:\WINDOWS\System32\win32u.dll
0x00007ff9c54e0000 - 0x00007ff9c550b000 	C:\WINDOWS\System32\GDI32.dll
0x00007ff9c17f0000 - 0x00007ff9c1a8a000 	C:\WINDOWS\WinSxS\amd64_microsoft.windows.common-controls_6595b64144ccf1df_6.0.19041.4355_none_60b8b9eb71f62e16\COMCTL32.dll
0x00007ff9c3360000 - 0x00007ff9c3477000 	C:\WINDOWS\System32\gdi32full.dll
0x00007ff9c4700000 - 0x00007ff9c479e000 	C:\WINDOWS\System32\msvcrt.dll
0x00007ff9c3ae0000 - 0x00007ff9c3b7d000 	C:\WINDOWS\System32\msvcp_win.dll
0x00007ff9c4880000 - 0x00007ff9c48b2000 	C:\WINDOWS\System32\IMM32.DLL
0x000001d077b20000 - 0x000001d077b34000 	C:\WINDOWS\System32\umppc18408.dll
0x00007ff9af8d0000 - 0x00007ff9af8dc000 	C:\Users\B38797\OneDrive - Interbank\Documentos\sts-4.18.1.RELEASE\plugins\org.eclipse.justj.openjdk.hotspot.jre.full.win32.x86_64_17.0.7.v20230425-1502\jre\bin\vcruntime140_1.dll
0x00007ff924ca0000 - 0x00007ff924d31000 	C:\Users\B38797\OneDrive - Interbank\Documentos\sts-4.18.1.RELEASE\plugins\org.eclipse.justj.openjdk.hotspot.jre.full.win32.x86_64_17.0.7.v20230425-1502\jre\bin\msvcp140.dll
0x00007ff8fb230000 - 0x00007ff8fbe78000 	C:\Users\B38797\OneDrive - Interbank\Documentos\sts-4.18.1.RELEASE\plugins\org.eclipse.justj.openjdk.hotspot.jre.full.win32.x86_64_17.0.7.v20230425-1502\jre\bin\server\jvm.dll
0x00007ff9c5510000 - 0x00007ff9c55c0000 	C:\WINDOWS\System32\ADVAPI32.dll
0x00007ff9c5750000 - 0x00007ff9c57f0000 	C:\WINDOWS\System32\sechost.dll
0x00007ff9c40f0000 - 0x00007ff9c4213000 	C:\WINDOWS\System32\RPCRT4.dll
0x00007ff9c34d0000 - 0x00007ff9c34f7000 	C:\WINDOWS\System32\bcrypt.dll
0x00007ff9a5070000 - 0x00007ff9a5079000 	C:\WINDOWS\SYSTEM32\WSOCK32.dll
0x00007ff9c4bd0000 - 0x00007ff9c4c3b000 	C:\WINDOWS\System32\WS2_32.dll
0x00007ff9a0b10000 - 0x00007ff9a0b37000 	C:\WINDOWS\SYSTEM32\WINMM.dll
0x00007ff9b8bf0000 - 0x00007ff9b8bfa000 	C:\WINDOWS\SYSTEM32\VERSION.dll
0x00007ff9c1050000 - 0x00007ff9c1062000 	C:\WINDOWS\SYSTEM32\kernel.appcore.dll
0x00007ff9bbf00000 - 0x00007ff9bbf0a000 	C:\Users\B38797\OneDrive - Interbank\Documentos\sts-4.18.1.RELEASE\plugins\org.eclipse.justj.openjdk.hotspot.jre.full.win32.x86_64_17.0.7.v20230425-1502\jre\bin\jimage.dll
0x00007ff9c0490000 - 0x00007ff9c0674000 	C:\WINDOWS\SYSTEM32\DBGHELP.DLL
0x00007ff996350000 - 0x00007ff996384000 	C:\WINDOWS\SYSTEM32\dbgcore.DLL
0x00007ff9c3600000 - 0x00007ff9c3682000 	C:\WINDOWS\System32\bcryptPrimitives.dll
0x00007ff9a31a0000 - 0x00007ff9a31c5000 	C:\Users\B38797\OneDrive - Interbank\Documentos\sts-4.18.1.RELEASE\plugins\org.eclipse.justj.openjdk.hotspot.jre.full.win32.x86_64_17.0.7.v20230425-1502\jre\bin\java.dll

dbghelp: loaded successfully - version: 4.0.5 - missing functions: none
symbol engine: initialized successfully - sym options: 0x614 - pdb path: .;C:\Users\B38797\OneDrive - Interbank\Documentos\sts-4.18.1.RELEASE\plugins\org.eclipse.justj.openjdk.hotspot.jre.full.win32.x86_64_17.0.7.v20230425-1502\jre\bin;C:\WINDOWS\SYSTEM32;C:\WINDOWS\WinSxS\amd64_microsoft.windows.common-controls_6595b64144ccf1df_6.0.19041.4355_none_60b8b9eb71f62e16;C:\Users\B38797\OneDrive - Interbank\Documentos\sts-4.18.1.RELEASE\plugins\org.eclipse.justj.openjdk.hotspot.jre.full.win32.x86_64_17.0.7.v20230425-1502\jre\bin\server

VM Arguments:
jvm_args: -Dcom.sun.management.jmxremote -Dcom.sun.management.jmxremote.port=53132 -Dcom.sun.management.jmxremote.authenticate=false -Dcom.sun.management.jmxremote.ssl=false -Djava.rmi.server.hostname=localhost -Dspring.jmx.enabled=true -Dmanagement.endpoints.jmx.exposure.include=* -Dspring.application.admin.enabled=true -XX:TieredStopAtLevel=1 -Dspring.boot.project.name=provisioning -Dfile.encoding=UTF-8 -XX:+ShowCodeDetailsInExceptionMessages 
java_command: com.hacom.ussdmxaprovisionamiento.UssdMxAprovisionamientoApplication --spring.output.ansi.enabled=always
java_class_path (initial): C:\Users\B38797\Documents\workspace-spring-tool-suite-4-4.18.1.RELEASE\provisioning\target\classes;C:\Users\B38797\.m2\repository\org\springframework\boot\spring-boot-starter-data-mongodb-reactive\2.7.16\spring-boot-starter-data-mongodb-reactive-2.7.16.jar;C:\Users\B38797\.m2\repository\org\springframework\boot\spring-boot-starter\2.7.16\spring-boot-starter-2.7.16.jar;C:\Users\B38797\.m2\repository\org\springframework\boot\spring-boot-starter-logging\2.7.16\spring-boot-starter-logging-2.7.16.jar;C:\Users\B38797\.m2\repository\ch\qos\logback\logback-classic\1.2.12\logback-classic-1.2.12.jar;C:\Users\B38797\.m2\repository\ch\qos\logback\logback-core\1.2.12\logback-core-1.2.12.jar;C:\Users\B38797\.m2\repository\org\apache\logging\log4j\log4j-to-slf4j\2.17.2\log4j-to-slf4j-2.17.2.jar;C:\Users\B38797\.m2\repository\org\slf4j\jul-to-slf4j\1.7.36\jul-to-slf4j-1.7.36.jar;C:\Users\B38797\.m2\repository\org\yaml\snakeyaml\1.30\snakeyaml-1.30.jar;C:\Users\B38797\.m2\repository\io\projectreactor\reactor-core\3.4.32\reactor-core-3.4.32.jar;C:\Users\B38797\.m2\repository\org\reactivestreams\reactive-streams\1.0.4\reactive-streams-1.0.4.jar;C:\Users\B38797\.m2\repository\org\mongodb\mongodb-driver-reactivestreams\4.6.1\mongodb-driver-reactivestreams-4.6.1.jar;C:\Users\B38797\.m2\repository\org\mongodb\bson\4.6.1\bson-4.6.1.jar;C:\Users\B38797\.m2\repository\org\mongodb\mongodb-driver-core\4.6.1\mongodb-driver-core-4.6.1.jar;C:\Users\B38797\.m2\repository\org\mongodb\bson-record-codec\4.6.1\bson-record-codec-4.6.1.jar;C:\Users\B38797\.m2\repository\org\springframework\data\spring-data-mongodb\3.4.16\spring-data-mongodb-3.4.16.jar;C:\Users\B38797\.m2\repository\org\springframework\spring-tx\5.3.30\spring-tx-5.3.30.jar;C:\Users\B38797\.m2\repository\org\springframework\spring-context\5.3.30\spring-context-5.3.30.jar;C:\Users\B38797\.m2\repository\org\springframework\spring-expression\5.3.30\spring-expression-5.3.30.jar;C:\Users\B38797\.m2\repository\org\s
Launcher Type: SUN_STANDARD

[Global flags]
     intx CICompilerCount                          = 4                                         {product} {ergonomic}
     uint ConcGCThreads                            = 2                                         {product} {ergonomic}
     uint G1ConcRefinementThreads                  = 8                                         {product} {ergonomic}
   size_t G1HeapRegionSize                         = 2097152                                   {product} {ergonomic}
    uintx GCDrainStackTargetSize                   = 64                                        {product} {ergonomic}
   size_t InitialHeapSize                          = 266338304                                 {product} {ergonomic}
     bool ManagementServer                         = true                                      {product} {command line}
   size_t MarkStackSize                            = 4194304                                   {product} {ergonomic}
   size_t MaxHeapSize                              = 4236247040                                {product} {ergonomic}
   size_t MinHeapDeltaBytes                        = 2097152                                   {product} {ergonomic}
   size_t MinHeapSize                              = 8388608                                   {product} {ergonomic}
    uintx NonProfiledCodeHeapSize                  = 0                                      {pd product} {ergonomic}
     bool ProfileInterpreter                       = false                                  {pd product} {command line}
    uintx ProfiledCodeHeapSize                     = 0                                      {pd product} {ergonomic}
     bool ShowCodeDetailsInExceptionMessages       = true                                   {manageable} {command line}
   size_t SoftMaxHeapSize                          = 4236247040                             {manageable} {ergonomic}
     intx TieredStopAtLevel                        = 1                                         {product} {command line}
     bool UseCompressedClassPointers               = true                           {product lp64_product} {ergonomic}
     bool UseCompressedOops                        = true                           {product lp64_product} {ergonomic}
     bool UseG1GC                                  = true                                      {product} {ergonomic}
     bool UseLargePagesIndividualAllocation        = false                                  {pd product} {ergonomic}

Logging:
Log output configuration:
 #0: stdout all=warning uptime,level,tags
 #1: stderr all=off uptime,level,tags

Environment Variables:
JAVA_HOME=C:\Program Files\Java\jdk-17.0.1
PATH=C:/Users/B38797/OneDrive - Interbank/Documentos/sts-4.18.1.RELEASE//plugins/org.eclipse.justj.openjdk.hotspot.jre.full.win32.x86_64_17.0.7.v20230425-1502/jre/bin/server;C:/Users/B38797/OneDrive - Interbank/Documentos/sts-4.18.1.RELEASE//plugins/org.eclipse.justj.openjdk.hotspot.jre.full.win32.x86_64_17.0.7.v20230425-1502/jre/bin;C:\Users\B38797\Desktop\oracle\bin;C:\Users\B38797\Downloads\WINDOWS.X64_193000_db_home\bin;C:\Program Files (x86)\Microsoft SDKs\Azure\CLI2\wbin;C:\ProgramData\Oracle\Java\javapath;C:\Program Files\Teradata\Client\15.10\bin;C:\Program Files (x86)\Teradata\Client\15.10\bin;C:\Program Files\Common Files\Oracle\Java\javapath;C:\WINDOWS\system32;C:\WINDOWS;C:\WINDOWS\System32\Wbem;C:\WINDOWS\System32\WindowsPowerShell\v1.0\;C:\WINDOWS\System32\OpenSSH\;C:\Program Files\PuTTY\;C:\Program Files\nodejs\;C:\Program Files (x86)\Yarn\bin\;C:\Program Files (x86)\Microsoft SQL Server\160\Tools\Binn\;C:\Program Files\Microsoft SQL Server\160\Tools\Binn\;C:\Program Files\Microsoft SQL Server\Client SDK\ODBC\170\Tools\Binn\;C:\Program Files\Microsoft SQL Server\160\DTS\Binn\;C:\Program Files (x86)\Microsoft SQL Server\160\DTS\Binn\;C:\Program Files\Azure Data Studio\bin;C:\Program Files\Maven\apache-maven-3.9.2\bin;C:\Users\B38797\kubectl;C:\Users\B38797\AppData\Local\Programs\Python\Python311\;C:\Users\B38797\AppData\Local\Programs\Python\Python311\Scripts\;C:\Program Files\Redis\;C:\Program Files\Docker\Docker\resources\bin;C:\Program Files\MongoDB\Server\7.0\bin;C:\Program Files\Java\jdk-17.0.1\bin;C:\Program Files\MySQL\MySQL Shell 8.0\bin\;C:\Users\B38797\AppData\Local\Microsoft\WindowsApps;C:\Users\B38797\AppData\Local\Programs\Microsoft VS Code\bin;C:\Users\B38797\AppData\Local\Programs\Git\cmd;C:\Users\B38797\AppData\Roaming\npm;C:\Users\B38797\AppData\Local\Google\Cloud SDK\google-cloud-sdk\bin;C:\Users\B38797\AppData\Local\Yarn\bin;C:\Program Files\Azure Data Studio\bin;C:\Users\B38797\.azure-kubectl;C:\Users\B38797\.azure-kubelogin;C:\Users\B
USERNAME=B38797
OS=Windows_NT
PROCESSOR_IDENTIFIER=Intel64 Family 6 Model 142 Stepping 12, GenuineIntel
TMP=C:\Users\B38797\AppData\Local\Temp
TEMP=C:\Users\B38797\AppData\Local\Temp



---------------  S Y S T E M  ---------------

OS:
 Windows 10 , 64 bit Build 19041 (10.0.19041.3636)
OS uptime: 0 days 1:07 hours
Hyper-V role detected

CPU: total 8 (initial active 8) (4 cores per cpu, 2 threads per core) family 6 model 142 stepping 12 microcode 0xfa, cx8, cmov, fxsr, ht, mmx, 3dnowpref, sse, sse2, sse3, ssse3, sse4.1, sse4.2, popcnt, lzcnt, tsc, tscinvbit, avx, avx2, aes, erms, clmul, bmi1, bmi2, adx, fma, vzeroupper, clflush, clflushopt, hv

Memory: 4k page, system-wide physical 16157M (1199M free)
TotalPageFile size 24971M (AvailPageFile size 7M)
current process WorkingSet (physical memory assigned to process): 10M, peak: 10M
current process commit charge ("private bytes"): 310M, peak: 313M

vm_info: OpenJDK 64-Bit Server VM (17.0.7+7) for windows-amd64 JRE (17.0.7+7), built on Apr 18 2023 22:10:42 by "temurin" with MS VC++ 16.7 (VS2019)

END.
