#
# A fatal error has been detected by the Java Runtime Environment:
#
#  EXCEPTION_UNCAUGHT_CXX_EXCEPTION (0xe06d7363) at pc=0x00007ffacfd2ba99, pid=28148, tid=18616
#
# JRE version: OpenJDK Runtime Environment Temurin-17.0.7+7 (17.0.7+7) (build 17.0.7+7)
# Java VM: OpenJDK 64-Bit Server VM Temurin-17.0.7+7 (17.0.7+7, mixed mode, emulated-client, tiered, compressed oops, compressed class ptrs, g1 gc, windows-amd64)
# Problematic frame:
# C  [KERNELBASE.dll+0x2ba99]
#
# No core dump will be written. Minidumps are not enabled by default on client versions of Windows
#
# If you would like to submit a bug report, please visit:
#   https://github.com/adoptium/adoptium-support/issues
#

---------------  S U M M A R Y ------------

Command Line: -Dcom.sun.management.jmxremote -Dcom.sun.management.jmxremote.port=58376 -Dcom.sun.management.jmxremote.authenticate=false -Dcom.sun.management.jmxremote.ssl=false -Djava.rmi.server.hostname=localhost -Dspring.jmx.enabled=true -Dmanagement.endpoints.jmx.exposure.include=* -Dspring.application.admin.enabled=true -XX:TieredStopAtLevel=1 -Dspring.boot.project.name=provisioning -Dfile.encoding=UTF-8 -XX:+ShowCodeDetailsInExceptionMessages com.hacom.ussdmxaprovisionamiento.UssdMxAprovisionamientoApplication --spring.output.ansi.enabled=always

Host: Intel(R) Core(TM) i7-10610U CPU @ 1.80GHz, 8 cores, 15G,  Windows 10 , 64 bit Build 19041 (10.0.19041.3636)
Time: Mon May 27 14:41:20 2024 Hora est. Pacífico, Sudamérica elapsed time: 0.330486 seconds (0d 0h 0m 0s)

---------------  T H R E A D  ---------------

Current thread (0x0000019a9b492650):  JavaThread "main" [_thread_in_vm, id=18616, stack(0x00000073c6700000,0x00000073c6800000)]

Stack: [0x00000073c6700000,0x00000073c6800000],  sp=0x00000073c67fc620,  free space=1009k
Native frames: (J=compiled Java code, j=interpreted, Vv=VM code, C=native code)
C  [KERNELBASE.dll+0x2ba99]
C  [VCRUNTIME140.dll+0x6220]
C  [jimage.dll+0x32a7]
C  [jimage.dll+0x2a15]
C  [jimage.dll+0x145b]
C  [jimage.dll+0x1e97]
C  [jimage.dll+0x1f2e]
C  [jimage.dll+0x2666]
V  [jvm.dll+0x1f33dd]
V  [jvm.dll+0x1f2002]
V  [jvm.dll+0x7af05b]
V  [jvm.dll+0x7b0402]
V  [jvm.dll+0x414fc5]
C  [java.dll+0x1a55]

Java frames: (J=compiled Java code, j=interpreted, Vv=VM code)
j  java.lang.ClassLoader.findBootstrapClass(Ljava/lang/String;)Ljava/lang/Class;+0 java.base@17.0.7
j  java.lang.ClassLoader.findBootstrapClassOrNull(Ljava/lang/String;)Ljava/lang/Class;+10 java.base@17.0.7
j  java.lang.System$2.findBootstrapClassOrNull(Ljava/lang/String;)Ljava/lang/Class;+1 java.base@17.0.7
j  jdk.internal.loader.BootLoader.loadClassOrNull(Ljava/lang/String;)Ljava/lang/Class;+4 java.base@17.0.7
j  jdk.internal.loader.BootLoader.loadClass(Ljava/lang/Module;Ljava/lang/String;)Ljava/lang/Class;+1 java.base@17.0.7
j  java.lang.Class.forName(Ljava/lang/Module;Ljava/lang/String;)Ljava/lang/Class;+87 java.base@17.0.7
j  sun.management.ManagementFactoryHelper$LoggingMXBeanAccess$1.run()Ljava/lang/Class;+27 java.management@17.0.7
j  sun.management.ManagementFactoryHelper$LoggingMXBeanAccess$1.run()Ljava/lang/Object;+1 java.management@17.0.7
j  java.security.AccessController.executePrivileged(Ljava/security/PrivilegedAction;Ljava/security/AccessControlContext;Ljava/lang/Class;)Ljava/lang/Object;+29 java.base@17.0.7
j  java.security.AccessController.doPrivileged(Ljava/security/PrivilegedAction;)Ljava/lang/Object;+5 java.base@17.0.7
j  sun.management.ManagementFactoryHelper$LoggingMXBeanAccess.loadLoggingClass(Ljava/lang/String;)Ljava/lang/Class;+8 java.management@17.0.7
j  sun.management.ManagementFactoryHelper$LoggingMXBeanAccess.<clinit>()V+2 java.management@17.0.7
v  ~StubRoutines::call_stub
j  sun.management.ManagementFactoryHelper.isPlatformLoggingMXBeanAvailable()Z+0 java.management@17.0.7
j  java.lang.management.DefaultPlatformMBeanProvider.init()Ljava/util/List;+112 java.management@17.0.7
j  java.lang.management.DefaultPlatformMBeanProvider.<init>()V+6 java.management@17.0.7
j  java.lang.management.ManagementFactory$PlatformMBeanFinder$1.run()Ljava/util/List;+52 java.management@17.0.7
j  java.lang.management.ManagementFactory$PlatformMBeanFinder$1.run()Ljava/lang/Object;+1 java.management@17.0.7
j  java.security.AccessController.executePrivileged(Ljava/security/PrivilegedAction;Ljava/security/AccessControlContext;Ljava/lang/Class;)Ljava/lang/Object;+29 java.base@17.0.7
j  java.security.AccessController.doPrivileged(Ljava/security/PrivilegedAction;Ljava/security/AccessControlContext;)Ljava/lang/Object;+13 java.base@17.0.7
j  java.security.AccessController.doPrivileged(Ljava/security/PrivilegedAction;Ljava/security/AccessControlContext;[Ljava/security/Permission;)Ljava/lang/Object;+48 java.base@17.0.7
j  java.lang.management.ManagementFactory$PlatformMBeanFinder.<clinit>()V+38 java.management@17.0.7
v  ~StubRoutines::call_stub
j  java.lang.management.ManagementFactory.platformComponents()Ljava/util/Collection;+0 java.management@17.0.7
j  java.lang.management.ManagementFactory.getPlatformMBeanServer()Ljavax/management/MBeanServer;+35 java.management@17.0.7
j  sun.management.jmxremote.ConnectorBootstrap.startRemoteConnectorServer(Ljava/lang/String;Ljava/util/Properties;)Ljavax/management/remote/JMXConnectorServer;+579 jdk.management.agent@17.0.7
j  jdk.internal.agent.Agent.startAgent(Ljava/util/Properties;)V+48 jdk.management.agent@17.0.7
j  jdk.internal.agent.Agent.startAgent()V+20 jdk.management.agent@17.0.7
v  ~StubRoutines::call_stub

siginfo: EXCEPTION_UNCAUGHT_CXX_EXCEPTION (0xe06d7363), ExceptionInformation=0x0000000019930520 0x00000073c67fc780 0x00007ffac7095138 0x00007ffac7090000 


Register to memory mapping:

RIP=0x00007ffacfd2ba99 KERNELBASE.dll
RAX=0x0000019ab28b6b60 points into unknown readable memory: 0x0000019ab28b1840 | 40 18 8b b2 9a 01 00 00
RBX=0x00007ffac7095138 jimage.dll
RCX=0x6c6f432f6c697475 is an unknown value
RDX=0x736e6f697463656c is an unknown value
RSP=0x00000073c67fc620 is pointing into the stack for thread: 0x0000019a9b492650
RBP=0x00000073c67fc8b0 is pointing into the stack for thread: 0x0000019a9b492650
RSI=0x00000073c67fc780 is pointing into the stack for thread: 0x0000019a9b492650
RDI=0x0000000019930520 is an unknown value
R8 =0x0000019ab2001330 points into unknown readable memory: 0x0000000000000000 | 00 00 00 00 00 00 00 00
R9 =0x00000073c67fc8f8 is pointing into the stack for thread: 0x0000019a9b492650
R10=0x0 is NULL
R11=0x0000019aadc2f2b0 points into unknown readable memory: 0x0000000000000000 | 00 00 00 00 00 00 00 00
R12=0x000000000000825d is an unknown value
R13=0x0000019a9b492b30 points into unknown readable memory: 0x6974752f6176616a | 6a 61 76 61 2f 75 74 69
R14=0x0000019ab28d3560 points into unknown readable memory: 0x01060005000c0400 | 00 04 0c 00 05 00 06 01
R15=0x0000019ab28d3560 points into unknown readable memory: 0x01060005000c0400 | 00 04 0c 00 05 00 06 01


Registers:
RAX=0x0000019ab28b6b60, RBX=0x00007ffac7095138, RCX=0x6c6f432f6c697475, RDX=0x736e6f697463656c
RSP=0x00000073c67fc620, RBP=0x00000073c67fc8b0, RSI=0x00000073c67fc780, RDI=0x0000000019930520
R8 =0x0000019ab2001330, R9 =0x00000073c67fc8f8, R10=0x0000000000000000, R11=0x0000019aadc2f2b0
R12=0x000000000000825d, R13=0x0000019a9b492b30, R14=0x0000019ab28d3560, R15=0x0000019ab28d3560
RIP=0x00007ffacfd2ba99, EFLAGS=0x0000000000000206

Top of Stack: (sp=0x00000073c67fc620)
0x00000073c67fc620:   00000002991d02ac 00007ffac7095138
0x00000073c67fc630:   00000073c67fc780 0000000000000000
0x00000073c67fc640:   00000001e06d7363 0000000000000000
0x00000073c67fc650:   00007ffacfd2ba99 0000019a00000004
0x00000073c67fc660:   0000000019930520 00000073c67fc780
0x00000073c67fc670:   00007ffac7095138 00007ffac7090000
0x00000073c67fc680:   0000019a9b492b30 000000000000825d
0x00000073c67fc690:   00000073c67fc780 00000073c67fc8b0
0x00000073c67fc6a0:   00000073c67fc720 00007ffad2104a5f
0x00000073c67fc6b0:   0000000019930520 00007ffa00000000
0x00000073c67fc6c0:   00000000d8960e23 00007ffad21207c0
0x00000073c67fc6d0:   00007ffac7097000 00007ffac7090000
0x00000073c67fc6e0:   00001b47425c6777 00007ffacfd5b96b
0x00000073c67fc6f0:   00007ffac7095138 00007ffa8cbe6220
0x00000073c67fc700:   0000d7e63cf494b0 0000000002000002
0x00000073c67fc710:   0000000000000008 00007ffad00039ce 

Instructions: (pc=0x00007ffacfd2ba99)
0x00007ffacfd2b999:   09 00 48 8b 84 24 b8 00 00 00 48 8b 8c 24 b0 05
0x00007ffacfd2b9a9:   00 00 48 33 cc e8 3d ac 06 00 48 81 c4 c0 05 00
0x00007ffacfd2b9b9:   00 41 5f 41 5e 41 5d 5e 5b c3 cc 48 ff 15 5d 95
0x00007ffacfd2b9c9:   1b 00 0f 1f 44 00 00 eb b0 cc cc cc cc cc cc cc
0x00007ffacfd2b9d9:   cc cc cc cc cc cc cc 40 53 48 83 ec 30 48 8b d1
0x00007ffacfd2b9e9:   48 8d 4c 24 20 e8 5d 23 00 00 85 c0 74 26 48 8b
0x00007ffacfd2b9f9:   4c 24 28 e8 ef 38 00 00 48 8d 4c 24 20 8b d8 48
0x00007ffacfd2ba09:   ff 15 61 8f 1b 00 0f 1f 44 00 00 8b c3 48 83 c4
0x00007ffacfd2ba19:   30 5b c3 cc 83 c8 ff eb f4 cc cc cc cc cc cc cc
0x00007ffacfd2ba29:   cc cc cc cc cc cc cc 48 81 ec d8 00 00 00 48 8b
0x00007ffacfd2ba39:   05 62 b4 28 00 48 33 c4 48 89 84 24 c0 00 00 00
0x00007ffacfd2ba49:   48 83 64 24 28 00 48 8d 05 da ff ff ff 83 e2 01
0x00007ffacfd2ba59:   89 4c 24 20 89 54 24 24 48 89 44 24 30 4d 85 c9
0x00007ffacfd2ba69:   74 4c b8 0f 00 00 00 48 8d 4c 24 40 44 3b c0 49
0x00007ffacfd2ba79:   8b d1 44 0f 47 c0 44 89 44 24 38 49 c1 e0 03 e8
0x00007ffacfd2ba89:   7a bc 08 00 48 8d 4c 24 20 48 ff 15 af 96 1b 00
0x00007ffacfd2ba99:   0f 1f 44 00 00 48 8b 8c 24 c0 00 00 00 48 33 cc
0x00007ffacfd2baa9:   e8 42 ab 06 00 48 81 c4 d8 00 00 00 c3 cc 83 64
0x00007ffacfd2bab9:   24 38 00 eb cf cc cc cc cc cc cc cc cc cc cc cc
0x00007ffacfd2bac9:   cc cc cc cc cc cc cc 65 48 8b 04 25 30 00 00 00
0x00007ffacfd2bad9:   8b 40 68 c3 cc cc cc cc cc cc cc cc cc cc cc cc
0x00007ffacfd2bae9:   cc cc cc cc cc cc cc 48 89 5c 24 10 48 89 74 24
0x00007ffacfd2baf9:   18 57 41 54 41 55 41 56 41 57 48 81 ec b0 02 00
0x00007ffacfd2bb09:   00 48 8b 05 8f b3 28 00 48 33 c4 48 89 84 24 a0
0x00007ffacfd2bb19:   02 00 00 48 8d 15 9f fa 1b 00 48 85 c9 48 0f 45
0x00007ffacfd2bb29:   d1 48 89 94 24 80 00 00 00 48 83 c8 ff 48 ff c0
0x00007ffacfd2bb39:   80 3c 02 00 75 f7 48 ff c0 48 89 84 24 88 00 00
0x00007ffacfd2bb49:   00 48 89 94 24 90 00 00 00 4c 8d 8c 24 88 00 00
0x00007ffacfd2bb59:   00 33 d2 b9 06 00 01 40 44 8d 42 02 e8 c6 fe ff
0x00007ffacfd2bb69:   ff e9 f0 01 00 00 33 f6 48 89 74 24 60 45 33 ff
0x00007ffacfd2bb79:   4c 89 7c 24 48 45 33 f6 4c 89 74 24 58 33 ff 48
0x00007ffacfd2bb89:   89 7c 24 50 e8 3e ff ff ff 89 44 24 40 48 39 35 


Stack slot to memory mapping:
stack at sp + 0 slots: 0x00000002991d02ac is an unknown value
stack at sp + 1 slots: 0x00007ffac7095138 jimage.dll
stack at sp + 2 slots: 0x00000073c67fc780 is pointing into the stack for thread: 0x0000019a9b492650
stack at sp + 3 slots: 0x0 is NULL
stack at sp + 4 slots: 0x00000001e06d7363 is an unknown value
stack at sp + 5 slots: 0x0 is NULL
stack at sp + 6 slots: 0x00007ffacfd2ba99 KERNELBASE.dll
stack at sp + 7 slots: 0x0000019a00000004 is an unknown value


---------------  P R O C E S S  ---------------

Threads class SMR info:
_java_thread_list=0x0000019ab2274740, length=14, elements={
0x0000019a9b492650, 0x0000019ab203c6d0, 0x0000019ab203d410, 0x0000019ab2089020,
0x0000019ab2089ae0, 0x0000019ab208c3b0, 0x0000019ab20a2d60, 0x0000019ab20a5630,
0x0000019ab20aef50, 0x0000019aadd4fa70, 0x0000019ab21c4540, 0x0000019ab224b6f0,
0x0000019ab224bc00, 0x0000019ab22a4bf0
}

Java Threads: ( => current thread )
=>0x0000019a9b492650 JavaThread "main" [_thread_in_vm, id=18616, stack(0x00000073c6700000,0x00000073c6800000)]
  0x0000019ab203c6d0 JavaThread "Reference Handler" daemon [_thread_blocked, id=27180, stack(0x00000073c6e00000,0x00000073c6f00000)]
  0x0000019ab203d410 JavaThread "Finalizer" daemon [_thread_blocked, id=12588, stack(0x00000073c6f00000,0x00000073c7000000)]
  0x0000019ab2089020 JavaThread "Signal Dispatcher" daemon [_thread_blocked, id=20520, stack(0x00000073c7000000,0x00000073c7100000)]
  0x0000019ab2089ae0 JavaThread "Attach Listener" daemon [_thread_blocked, id=3112, stack(0x00000073c7100000,0x00000073c7200000)]
  0x0000019ab208c3b0 JavaThread "Service Thread" daemon [_thread_blocked, id=25668, stack(0x00000073c7200000,0x00000073c7300000)]
  0x0000019ab20a2d60 JavaThread "Monitor Deflation Thread" daemon [_thread_blocked, id=16668, stack(0x00000073c7300000,0x00000073c7400000)]
  0x0000019ab20a5630 JavaThread "C1 CompilerThread0" daemon [_thread_blocked, id=27884, stack(0x00000073c7400000,0x00000073c7500000)]
  0x0000019ab20aef50 JavaThread "Sweeper thread" daemon [_thread_blocked, id=24916, stack(0x00000073c7500000,0x00000073c7600000)]
  0x0000019aadd4fa70 JavaThread "Common-Cleaner" daemon [_thread_blocked, id=25692, stack(0x00000073c7600000,0x00000073c7700000)]
  0x0000019ab21c4540 JavaThread "C1 CompilerThread1" daemon [_thread_blocked, id=28536, stack(0x00000073c7700000,0x00000073c7800000)]
  0x0000019ab224b6f0 JavaThread "C1 CompilerThread2" daemon [_thread_blocked, id=22172, stack(0x00000073c7800000,0x00000073c7900000)]
  0x0000019ab224bc00 JavaThread "C1 CompilerThread3" daemon [_thread_blocked, id=23044, stack(0x00000073c7900000,0x00000073c7a00000)]
  0x0000019ab22a4bf0 JavaThread "Notification Thread" daemon [_thread_blocked, id=5380, stack(0x00000073c7a00000,0x00000073c7b00000)]

Other Threads:
  0x0000019ab206bb40 VMThread "VM Thread" [stack: 0x00000073c6d00000,0x00000073c6e00000] [id=9376]
  0x0000019a9b4fdb70 GCTaskThread "GC Thread#0" [stack: 0x00000073c6800000,0x00000073c6900000] [id=25372]
  0x0000019a9b50f650 ConcurrentGCThread "G1 Main Marker" [stack: 0x00000073c6900000,0x00000073c6a00000] [id=19048]
  0x0000019a9b50ff70 ConcurrentGCThread "G1 Conc#0" [stack: 0x00000073c6a00000,0x00000073c6b00000] [id=22936]
  0x0000019aadc191d0 ConcurrentGCThread "G1 Refine#0" [stack: 0x00000073c6b00000,0x00000073c6c00000] [id=23924]
  0x0000019aadc19b00 ConcurrentGCThread "G1 Service" [stack: 0x00000073c6c00000,0x00000073c6d00000] [id=23608]

Threads with active compile tasks:

VM state: not at safepoint (normal execution)

VM Mutex/Monitor currently owned by a thread: None

Heap address: 0x0000000703800000, size: 4040 MB, Compressed Oops mode: Zero based, Oop shift amount: 3

CDS archive(s) not mapped
Compressed class space mapped at: 0x0000000800000000-0x0000000840000000, reserved size: 1073741824
Narrow klass base: 0x0000000800000000, Narrow klass shift: 0, Narrow klass range: 0x40000000

GC Precious Log:
 CPUs: 8 total, 8 available
 Memory: 16157M
 Large Page Support: Disabled
 NUMA Support: Disabled
 Compressed Oops: Enabled (Zero based)
 Heap Region Size: 2M
 Heap Min Capacity: 8M
 Heap Initial Capacity: 254M
 Heap Max Capacity: 4040M
 Pre-touch: Disabled
 Parallel Workers: 8
 Concurrent Workers: 2
 Concurrent Refinement Workers: 8
 Periodic GC: Disabled

Heap:
 garbage-first heap   total 260096K, used 8192K [0x0000000703800000, 0x0000000800000000)
  region size 2048K, 6 young (12288K), 0 survivors (0K)
 Metaspace       used 7234K, committed 7360K, reserved 1114112K
  class space    used 644K, committed 768K, reserved 1048576K

Heap Regions: E=young(eden), S=young(survivor), O=old, HS=humongous(starts), HC=humongous(continues), CS=collection set, F=free, OA=open archive, CA=closed archive, TAMS=top-at-mark-start (previous, next)
|   0|0x0000000703800000, 0x0000000703800000, 0x0000000703a00000|  0%| F|  |TAMS 0x0000000703800000, 0x0000000703800000| Untracked 
|   1|0x0000000703a00000, 0x0000000703a00000, 0x0000000703c00000|  0%| F|  |TAMS 0x0000000703a00000, 0x0000000703a00000| Untracked 
|   2|0x0000000703c00000, 0x0000000703c00000, 0x0000000703e00000|  0%| F|  |TAMS 0x0000000703c00000, 0x0000000703c00000| Untracked 
|   3|0x0000000703e00000, 0x0000000703e00000, 0x0000000704000000|  0%| F|  |TAMS 0x0000000703e00000, 0x0000000703e00000| Untracked 
|   4|0x0000000704000000, 0x0000000704000000, 0x0000000704200000|  0%| F|  |TAMS 0x0000000704000000, 0x0000000704000000| Untracked 
|   5|0x0000000704200000, 0x0000000704200000, 0x0000000704400000|  0%| F|  |TAMS 0x0000000704200000, 0x0000000704200000| Untracked 
|   6|0x0000000704400000, 0x0000000704400000, 0x0000000704600000|  0%| F|  |TAMS 0x0000000704400000, 0x0000000704400000| Untracked 
|   7|0x0000000704600000, 0x0000000704600000, 0x0000000704800000|  0%| F|  |TAMS 0x0000000704600000, 0x0000000704600000| Untracked 
|   8|0x0000000704800000, 0x0000000704800000, 0x0000000704a00000|  0%| F|  |TAMS 0x0000000704800000, 0x0000000704800000| Untracked 
|   9|0x0000000704a00000, 0x0000000704a00000, 0x0000000704c00000|  0%| F|  |TAMS 0x0000000704a00000, 0x0000000704a00000| Untracked 
|  10|0x0000000704c00000, 0x0000000704c00000, 0x0000000704e00000|  0%| F|  |TAMS 0x0000000704c00000, 0x0000000704c00000| Untracked 
|  11|0x0000000704e00000, 0x0000000704e00000, 0x0000000705000000|  0%| F|  |TAMS 0x0000000704e00000, 0x0000000704e00000| Untracked 
|  12|0x0000000705000000, 0x0000000705000000, 0x0000000705200000|  0%| F|  |TAMS 0x0000000705000000, 0x0000000705000000| Untracked 
|  13|0x0000000705200000, 0x0000000705200000, 0x0000000705400000|  0%| F|  |TAMS 0x0000000705200000, 0x0000000705200000| Untracked 
|  14|0x0000000705400000, 0x0000000705400000, 0x0000000705600000|  0%| F|  |TAMS 0x0000000705400000, 0x0000000705400000| Untracked 
|  15|0x0000000705600000, 0x0000000705600000, 0x0000000705800000|  0%| F|  |TAMS 0x0000000705600000, 0x0000000705600000| Untracked 
|  16|0x0000000705800000, 0x0000000705800000, 0x0000000705a00000|  0%| F|  |TAMS 0x0000000705800000, 0x0000000705800000| Untracked 
|  17|0x0000000705a00000, 0x0000000705a00000, 0x0000000705c00000|  0%| F|  |TAMS 0x0000000705a00000, 0x0000000705a00000| Untracked 
|  18|0x0000000705c00000, 0x0000000705c00000, 0x0000000705e00000|  0%| F|  |TAMS 0x0000000705c00000, 0x0000000705c00000| Untracked 
|  19|0x0000000705e00000, 0x0000000705e00000, 0x0000000706000000|  0%| F|  |TAMS 0x0000000705e00000, 0x0000000705e00000| Untracked 
|  20|0x0000000706000000, 0x0000000706000000, 0x0000000706200000|  0%| F|  |TAMS 0x0000000706000000, 0x0000000706000000| Untracked 
|  21|0x0000000706200000, 0x0000000706200000, 0x0000000706400000|  0%| F|  |TAMS 0x0000000706200000, 0x0000000706200000| Untracked 
|  22|0x0000000706400000, 0x0000000706400000, 0x0000000706600000|  0%| F|  |TAMS 0x0000000706400000, 0x0000000706400000| Untracked 
|  23|0x0000000706600000, 0x0000000706600000, 0x0000000706800000|  0%| F|  |TAMS 0x0000000706600000, 0x0000000706600000| Untracked 
|  24|0x0000000706800000, 0x0000000706800000, 0x0000000706a00000|  0%| F|  |TAMS 0x0000000706800000, 0x0000000706800000| Untracked 
|  25|0x0000000706a00000, 0x0000000706a00000, 0x0000000706c00000|  0%| F|  |TAMS 0x0000000706a00000, 0x0000000706a00000| Untracked 
|  26|0x0000000706c00000, 0x0000000706c00000, 0x0000000706e00000|  0%| F|  |TAMS 0x0000000706c00000, 0x0000000706c00000| Untracked 
|  27|0x0000000706e00000, 0x0000000706e00000, 0x0000000707000000|  0%| F|  |TAMS 0x0000000706e00000, 0x0000000706e00000| Untracked 
|  28|0x0000000707000000, 0x0000000707000000, 0x0000000707200000|  0%| F|  |TAMS 0x0000000707000000, 0x0000000707000000| Untracked 
|  29|0x0000000707200000, 0x0000000707200000, 0x0000000707400000|  0%| F|  |TAMS 0x0000000707200000, 0x0000000707200000| Untracked 
|  30|0x0000000707400000, 0x0000000707400000, 0x0000000707600000|  0%| F|  |TAMS 0x0000000707400000, 0x0000000707400000| Untracked 
|  31|0x0000000707600000, 0x0000000707600000, 0x0000000707800000|  0%| F|  |TAMS 0x0000000707600000, 0x0000000707600000| Untracked 
|  32|0x0000000707800000, 0x0000000707800000, 0x0000000707a00000|  0%| F|  |TAMS 0x0000000707800000, 0x0000000707800000| Untracked 
|  33|0x0000000707a00000, 0x0000000707a00000, 0x0000000707c00000|  0%| F|  |TAMS 0x0000000707a00000, 0x0000000707a00000| Untracked 
|  34|0x0000000707c00000, 0x0000000707c00000, 0x0000000707e00000|  0%| F|  |TAMS 0x0000000707c00000, 0x0000000707c00000| Untracked 
|  35|0x0000000707e00000, 0x0000000707e00000, 0x0000000708000000|  0%| F|  |TAMS 0x0000000707e00000, 0x0000000707e00000| Untracked 
|  36|0x0000000708000000, 0x0000000708000000, 0x0000000708200000|  0%| F|  |TAMS 0x0000000708000000, 0x0000000708000000| Untracked 
|  37|0x0000000708200000, 0x0000000708200000, 0x0000000708400000|  0%| F|  |TAMS 0x0000000708200000, 0x0000000708200000| Untracked 
|  38|0x0000000708400000, 0x0000000708400000, 0x0000000708600000|  0%| F|  |TAMS 0x0000000708400000, 0x0000000708400000| Untracked 
|  39|0x0000000708600000, 0x0000000708600000, 0x0000000708800000|  0%| F|  |TAMS 0x0000000708600000, 0x0000000708600000| Untracked 
|  40|0x0000000708800000, 0x0000000708800000, 0x0000000708a00000|  0%| F|  |TAMS 0x0000000708800000, 0x0000000708800000| Untracked 
|  41|0x0000000708a00000, 0x0000000708a00000, 0x0000000708c00000|  0%| F|  |TAMS 0x0000000708a00000, 0x0000000708a00000| Untracked 
|  42|0x0000000708c00000, 0x0000000708c00000, 0x0000000708e00000|  0%| F|  |TAMS 0x0000000708c00000, 0x0000000708c00000| Untracked 
|  43|0x0000000708e00000, 0x0000000708e00000, 0x0000000709000000|  0%| F|  |TAMS 0x0000000708e00000, 0x0000000708e00000| Untracked 
|  44|0x0000000709000000, 0x0000000709000000, 0x0000000709200000|  0%| F|  |TAMS 0x0000000709000000, 0x0000000709000000| Untracked 
|  45|0x0000000709200000, 0x0000000709200000, 0x0000000709400000|  0%| F|  |TAMS 0x0000000709200000, 0x0000000709200000| Untracked 
|  46|0x0000000709400000, 0x0000000709400000, 0x0000000709600000|  0%| F|  |TAMS 0x0000000709400000, 0x0000000709400000| Untracked 
|  47|0x0000000709600000, 0x0000000709600000, 0x0000000709800000|  0%| F|  |TAMS 0x0000000709600000, 0x0000000709600000| Untracked 
|  48|0x0000000709800000, 0x0000000709800000, 0x0000000709a00000|  0%| F|  |TAMS 0x0000000709800000, 0x0000000709800000| Untracked 
|  49|0x0000000709a00000, 0x0000000709a00000, 0x0000000709c00000|  0%| F|  |TAMS 0x0000000709a00000, 0x0000000709a00000| Untracked 
|  50|0x0000000709c00000, 0x0000000709c00000, 0x0000000709e00000|  0%| F|  |TAMS 0x0000000709c00000, 0x0000000709c00000| Untracked 
|  51|0x0000000709e00000, 0x0000000709e00000, 0x000000070a000000|  0%| F|  |TAMS 0x0000000709e00000, 0x0000000709e00000| Untracked 
|  52|0x000000070a000000, 0x000000070a000000, 0x000000070a200000|  0%| F|  |TAMS 0x000000070a000000, 0x000000070a000000| Untracked 
|  53|0x000000070a200000, 0x000000070a200000, 0x000000070a400000|  0%| F|  |TAMS 0x000000070a200000, 0x000000070a200000| Untracked 
|  54|0x000000070a400000, 0x000000070a400000, 0x000000070a600000|  0%| F|  |TAMS 0x000000070a400000, 0x000000070a400000| Untracked 
|  55|0x000000070a600000, 0x000000070a600000, 0x000000070a800000|  0%| F|  |TAMS 0x000000070a600000, 0x000000070a600000| Untracked 
|  56|0x000000070a800000, 0x000000070a800000, 0x000000070aa00000|  0%| F|  |TAMS 0x000000070a800000, 0x000000070a800000| Untracked 
|  57|0x000000070aa00000, 0x000000070aa00000, 0x000000070ac00000|  0%| F|  |TAMS 0x000000070aa00000, 0x000000070aa00000| Untracked 
|  58|0x000000070ac00000, 0x000000070ac00000, 0x000000070ae00000|  0%| F|  |TAMS 0x000000070ac00000, 0x000000070ac00000| Untracked 
|  59|0x000000070ae00000, 0x000000070ae00000, 0x000000070b000000|  0%| F|  |TAMS 0x000000070ae00000, 0x000000070ae00000| Untracked 
|  60|0x000000070b000000, 0x000000070b000000, 0x000000070b200000|  0%| F|  |TAMS 0x000000070b000000, 0x000000070b000000| Untracked 
|  61|0x000000070b200000, 0x000000070b200000, 0x000000070b400000|  0%| F|  |TAMS 0x000000070b200000, 0x000000070b200000| Untracked 
|  62|0x000000070b400000, 0x000000070b400000, 0x000000070b600000|  0%| F|  |TAMS 0x000000070b400000, 0x000000070b400000| Untracked 
|  63|0x000000070b600000, 0x000000070b600000, 0x000000070b800000|  0%| F|  |TAMS 0x000000070b600000, 0x000000070b600000| Untracked 
|  64|0x000000070b800000, 0x000000070b800000, 0x000000070ba00000|  0%| F|  |TAMS 0x000000070b800000, 0x000000070b800000| Untracked 
|  65|0x000000070ba00000, 0x000000070ba00000, 0x000000070bc00000|  0%| F|  |TAMS 0x000000070ba00000, 0x000000070ba00000| Untracked 
|  66|0x000000070bc00000, 0x000000070bc00000, 0x000000070be00000|  0%| F|  |TAMS 0x000000070bc00000, 0x000000070bc00000| Untracked 
|  67|0x000000070be00000, 0x000000070be00000, 0x000000070c000000|  0%| F|  |TAMS 0x000000070be00000, 0x000000070be00000| Untracked 
|  68|0x000000070c000000, 0x000000070c000000, 0x000000070c200000|  0%| F|  |TAMS 0x000000070c000000, 0x000000070c000000| Untracked 
|  69|0x000000070c200000, 0x000000070c200000, 0x000000070c400000|  0%| F|  |TAMS 0x000000070c200000, 0x000000070c200000| Untracked 
|  70|0x000000070c400000, 0x000000070c400000, 0x000000070c600000|  0%| F|  |TAMS 0x000000070c400000, 0x000000070c400000| Untracked 
|  71|0x000000070c600000, 0x000000070c600000, 0x000000070c800000|  0%| F|  |TAMS 0x000000070c600000, 0x000000070c600000| Untracked 
|  72|0x000000070c800000, 0x000000070c800000, 0x000000070ca00000|  0%| F|  |TAMS 0x000000070c800000, 0x000000070c800000| Untracked 
|  73|0x000000070ca00000, 0x000000070ca00000, 0x000000070cc00000|  0%| F|  |TAMS 0x000000070ca00000, 0x000000070ca00000| Untracked 
|  74|0x000000070cc00000, 0x000000070cc00000, 0x000000070ce00000|  0%| F|  |TAMS 0x000000070cc00000, 0x000000070cc00000| Untracked 
|  75|0x000000070ce00000, 0x000000070ce00000, 0x000000070d000000|  0%| F|  |TAMS 0x000000070ce00000, 0x000000070ce00000| Untracked 
|  76|0x000000070d000000, 0x000000070d000000, 0x000000070d200000|  0%| F|  |TAMS 0x000000070d000000, 0x000000070d000000| Untracked 
|  77|0x000000070d200000, 0x000000070d200000, 0x000000070d400000|  0%| F|  |TAMS 0x000000070d200000, 0x000000070d200000| Untracked 
|  78|0x000000070d400000, 0x000000070d400000, 0x000000070d600000|  0%| F|  |TAMS 0x000000070d400000, 0x000000070d400000| Untracked 
|  79|0x000000070d600000, 0x000000070d600000, 0x000000070d800000|  0%| F|  |TAMS 0x000000070d600000, 0x000000070d600000| Untracked 
|  80|0x000000070d800000, 0x000000070d800000, 0x000000070da00000|  0%| F|  |TAMS 0x000000070d800000, 0x000000070d800000| Untracked 
|  81|0x000000070da00000, 0x000000070da00000, 0x000000070dc00000|  0%| F|  |TAMS 0x000000070da00000, 0x000000070da00000| Untracked 
|  82|0x000000070dc00000, 0x000000070dc00000, 0x000000070de00000|  0%| F|  |TAMS 0x000000070dc00000, 0x000000070dc00000| Untracked 
|  83|0x000000070de00000, 0x000000070de00000, 0x000000070e000000|  0%| F|  |TAMS 0x000000070de00000, 0x000000070de00000| Untracked 
|  84|0x000000070e000000, 0x000000070e000000, 0x000000070e200000|  0%| F|  |TAMS 0x000000070e000000, 0x000000070e000000| Untracked 
|  85|0x000000070e200000, 0x000000070e200000, 0x000000070e400000|  0%| F|  |TAMS 0x000000070e200000, 0x000000070e200000| Untracked 
|  86|0x000000070e400000, 0x000000070e400000, 0x000000070e600000|  0%| F|  |TAMS 0x000000070e400000, 0x000000070e400000| Untracked 
|  87|0x000000070e600000, 0x000000070e600000, 0x000000070e800000|  0%| F|  |TAMS 0x000000070e600000, 0x000000070e600000| Untracked 
|  88|0x000000070e800000, 0x000000070e800000, 0x000000070ea00000|  0%| F|  |TAMS 0x000000070e800000, 0x000000070e800000| Untracked 
|  89|0x000000070ea00000, 0x000000070ea00000, 0x000000070ec00000|  0%| F|  |TAMS 0x000000070ea00000, 0x000000070ea00000| Untracked 
|  90|0x000000070ec00000, 0x000000070ec00000, 0x000000070ee00000|  0%| F|  |TAMS 0x000000070ec00000, 0x000000070ec00000| Untracked 
|  91|0x000000070ee00000, 0x000000070ee00000, 0x000000070f000000|  0%| F|  |TAMS 0x000000070ee00000, 0x000000070ee00000| Untracked 
|  92|0x000000070f000000, 0x000000070f000000, 0x000000070f200000|  0%| F|  |TAMS 0x000000070f000000, 0x000000070f000000| Untracked 
|  93|0x000000070f200000, 0x000000070f200000, 0x000000070f400000|  0%| F|  |TAMS 0x000000070f200000, 0x000000070f200000| Untracked 
|  94|0x000000070f400000, 0x000000070f400000, 0x000000070f600000|  0%| F|  |TAMS 0x000000070f400000, 0x000000070f400000| Untracked 
|  95|0x000000070f600000, 0x000000070f600000, 0x000000070f800000|  0%| F|  |TAMS 0x000000070f600000, 0x000000070f600000| Untracked 
|  96|0x000000070f800000, 0x000000070f800000, 0x000000070fa00000|  0%| F|  |TAMS 0x000000070f800000, 0x000000070f800000| Untracked 
|  97|0x000000070fa00000, 0x000000070fa00000, 0x000000070fc00000|  0%| F|  |TAMS 0x000000070fa00000, 0x000000070fa00000| Untracked 
|  98|0x000000070fc00000, 0x000000070fc00000, 0x000000070fe00000|  0%| F|  |TAMS 0x000000070fc00000, 0x000000070fc00000| Untracked 
|  99|0x000000070fe00000, 0x000000070fe00000, 0x0000000710000000|  0%| F|  |TAMS 0x000000070fe00000, 0x000000070fe00000| Untracked 
| 100|0x0000000710000000, 0x0000000710000000, 0x0000000710200000|  0%| F|  |TAMS 0x0000000710000000, 0x0000000710000000| Untracked 
| 101|0x0000000710200000, 0x0000000710200000, 0x0000000710400000|  0%| F|  |TAMS 0x0000000710200000, 0x0000000710200000| Untracked 
| 102|0x0000000710400000, 0x0000000710400000, 0x0000000710600000|  0%| F|  |TAMS 0x0000000710400000, 0x0000000710400000| Untracked 
| 103|0x0000000710600000, 0x0000000710600000, 0x0000000710800000|  0%| F|  |TAMS 0x0000000710600000, 0x0000000710600000| Untracked 
| 104|0x0000000710800000, 0x0000000710800000, 0x0000000710a00000|  0%| F|  |TAMS 0x0000000710800000, 0x0000000710800000| Untracked 
| 105|0x0000000710a00000, 0x0000000710a00000, 0x0000000710c00000|  0%| F|  |TAMS 0x0000000710a00000, 0x0000000710a00000| Untracked 
| 106|0x0000000710c00000, 0x0000000710c00000, 0x0000000710e00000|  0%| F|  |TAMS 0x0000000710c00000, 0x0000000710c00000| Untracked 
| 107|0x0000000710e00000, 0x0000000710e00000, 0x0000000711000000|  0%| F|  |TAMS 0x0000000710e00000, 0x0000000710e00000| Untracked 
| 108|0x0000000711000000, 0x0000000711000000, 0x0000000711200000|  0%| F|  |TAMS 0x0000000711000000, 0x0000000711000000| Untracked 
| 109|0x0000000711200000, 0x0000000711200000, 0x0000000711400000|  0%| F|  |TAMS 0x0000000711200000, 0x0000000711200000| Untracked 
| 110|0x0000000711400000, 0x0000000711400000, 0x0000000711600000|  0%| F|  |TAMS 0x0000000711400000, 0x0000000711400000| Untracked 
| 111|0x0000000711600000, 0x0000000711600000, 0x0000000711800000|  0%| F|  |TAMS 0x0000000711600000, 0x0000000711600000| Untracked 
| 112|0x0000000711800000, 0x0000000711800000, 0x0000000711a00000|  0%| F|  |TAMS 0x0000000711800000, 0x0000000711800000| Untracked 
| 113|0x0000000711a00000, 0x0000000711a00000, 0x0000000711c00000|  0%| F|  |TAMS 0x0000000711a00000, 0x0000000711a00000| Untracked 
| 114|0x0000000711c00000, 0x0000000711c00000, 0x0000000711e00000|  0%| F|  |TAMS 0x0000000711c00000, 0x0000000711c00000| Untracked 
| 115|0x0000000711e00000, 0x0000000711e00000, 0x0000000712000000|  0%| F|  |TAMS 0x0000000711e00000, 0x0000000711e00000| Untracked 
| 116|0x0000000712000000, 0x0000000712000000, 0x0000000712200000|  0%| F|  |TAMS 0x0000000712000000, 0x0000000712000000| Untracked 
| 117|0x0000000712200000, 0x0000000712200000, 0x0000000712400000|  0%| F|  |TAMS 0x0000000712200000, 0x0000000712200000| Untracked 
| 118|0x0000000712400000, 0x0000000712400000, 0x0000000712600000|  0%| F|  |TAMS 0x0000000712400000, 0x0000000712400000| Untracked 
| 119|0x0000000712600000, 0x0000000712600000, 0x0000000712800000|  0%| F|  |TAMS 0x0000000712600000, 0x0000000712600000| Untracked 
| 120|0x0000000712800000, 0x0000000712800000, 0x0000000712a00000|  0%| F|  |TAMS 0x0000000712800000, 0x0000000712800000| Untracked 
| 121|0x0000000712a00000, 0x0000000712a72a28, 0x0000000712c00000| 22%| E|  |TAMS 0x0000000712a00000, 0x0000000712a00000| Complete 
| 122|0x0000000712c00000, 0x0000000712e00000, 0x0000000712e00000|100%| E|CS|TAMS 0x0000000712c00000, 0x0000000712c00000| Complete 
| 123|0x0000000712e00000, 0x0000000713000000, 0x0000000713000000|100%| E|CS|TAMS 0x0000000712e00000, 0x0000000712e00000| Complete 
| 124|0x0000000713000000, 0x0000000713200000, 0x0000000713200000|100%| E|CS|TAMS 0x0000000713000000, 0x0000000713000000| Complete 
| 125|0x0000000713200000, 0x0000000713400000, 0x0000000713400000|100%| E|  |TAMS 0x0000000713200000, 0x0000000713200000| Complete 
| 126|0x0000000713400000, 0x0000000713600000, 0x0000000713600000|100%| E|CS|TAMS 0x0000000713400000, 0x0000000713400000| Complete 

Card table byte_map: [0x0000019aa2430000,0x0000019aa2c20000] _byte_map_base: 0x0000019a9ec14000

Marking Bits (Prev, Next): (CMBitMap*) 0x0000019a9b4ff0a0, (CMBitMap*) 0x0000019a9b4ff0e0
 Prev Bits: [0x0000019aa3410000, 0x0000019aa7330000)
 Next Bits: [0x0000019aa7330000, 0x0000019aab250000)

Polling page: 0x0000019a99530000

Metaspace:

Usage:
  Non-class:      6.44 MB used.
      Class:    644.65 KB used.
       Both:      7.06 MB used.

Virtual space:
  Non-class space:       64.00 MB reserved,       6.44 MB ( 10%) committed,  1 nodes.
      Class space:        1.00 GB reserved,     768.00 KB ( <1%) committed,  1 nodes.
             Both:        1.06 GB reserved,       7.19 MB ( <1%) committed. 

Chunk freelists:
   Non-Class:  9.00 MB
       Class:  15.25 MB
        Both:  24.25 MB

MaxMetaspaceSize: unlimited
CompressedClassSpaceSize: 1.00 GB
Initial GC threshold: 21.00 MB
Current GC threshold: 21.00 MB
CDS: off
MetaspaceReclaimPolicy: balanced
 - commit_granule_bytes: 65536.
 - commit_granule_words: 8192.
 - virtual_space_node_default_size: 8388608.
 - enlarge_chunks_in_place: 1.
 - new_chunks_are_fully_committed: 0.
 - uncommit_free_chunks: 1.
 - use_allocation_guard: 0.
 - handle_deallocations: 1.


Internal statistics:

num_allocs_failed_limit: 0.
num_arena_births: 6.
num_arena_deaths: 0.
num_vsnodes_births: 2.
num_vsnodes_deaths: 0.
num_space_committed: 115.
num_space_uncommitted: 0.
num_chunks_returned_to_freelist: 0.
num_chunks_taken_from_freelist: 25.
num_chunk_merges: 0.
num_chunk_splits: 8.
num_chunks_enlarged: 2.
num_inconsistent_stats: 0.

CodeCache: size=49152Kb used=3299Kb max_used=3299Kb free=45852Kb
 bounds [0x0000019a9eb30000, 0x0000019a9ee70000, 0x0000019aa1b30000]
 total_blobs=769 nmethods=401 adapters=293
 compilation: enabled
              stopped_count=0, restarted_count=0
 full_count=0

Compilation events (20 events):
Event: 0.302 Thread 0x0000019ab224bc00  391       1       java.nio.ByteBuffer::position (8 bytes)
Event: 0.302 Thread 0x0000019ab21c4540  392   !   1       java.security.AccessController::doPrivileged (26 bytes)
Event: 0.302 Thread 0x0000019ab224bc00 nmethod 391 0x0000019a9ee62c10 code [0x0000019a9ee62da0, 0x0000019a9ee62e88]
Event: 0.302 Thread 0x0000019ab21c4540 nmethod 392 0x0000019a9ee62f10 code [0x0000019a9ee630e0, 0x0000019a9ee632e8]
Event: 0.305 Thread 0x0000019ab21c4540  393       1       java.lang.invoke.MethodType::parameterType (7 bytes)
Event: 0.305 Thread 0x0000019ab21c4540 nmethod 393 0x0000019a9ee63490 code [0x0000019a9ee63620, 0x0000019a9ee63718]
Event: 0.305 Thread 0x0000019ab21c4540  395       1       java.lang.invoke.MethodType::parameterCount (6 bytes)
Event: 0.305 Thread 0x0000019ab21c4540 nmethod 395 0x0000019a9ee63b10 code [0x0000019a9ee63ca0, 0x0000019a9ee63d78]
Event: 0.305 Thread 0x0000019ab21c4540  396       1       jdk.internal.org.objectweb.asm.SymbolTable::addConstantUtf8 (98 bytes)
Event: 0.305 Thread 0x0000019ab224b6f0  397       1       jdk.internal.org.objectweb.asm.SymbolTable$Entry::<init> (17 bytes)
Event: 0.305 Thread 0x0000019ab20a5630  398       1       jdk.internal.org.objectweb.asm.ByteVector::putByte (39 bytes)
Event: 0.305 Thread 0x0000019ab224b6f0 nmethod 397 0x0000019a9ee63e10 code [0x0000019a9ee63fa0, 0x0000019a9ee640c8]
Event: 0.305 Thread 0x0000019ab20a5630 nmethod 398 0x0000019a9ee64190 code [0x0000019a9ee64320, 0x0000019a9ee64488]
Event: 0.306 Thread 0x0000019ab21c4540 nmethod 396 0x0000019a9ee64590 code [0x0000019a9ee64780, 0x0000019a9ee64b18]
Event: 0.306 Thread 0x0000019ab21c4540  399       1       java.lang.Class::getModule (5 bytes)
Event: 0.306 Thread 0x0000019ab21c4540 nmethod 399 0x0000019a9ee64e10 code [0x0000019a9ee64fa0, 0x0000019a9ee65078]
Event: 0.317 Thread 0x0000019ab21c4540  400 %     1       java.util.Properties$LineReader::readLine @ 224 (584 bytes)
Event: 0.318 Thread 0x0000019ab20a5630  401       1       java.lang.invoke.MethodHandle::type (5 bytes)
Event: 0.318 Thread 0x0000019ab20a5630 nmethod 401 0x0000019a9ee66610 code [0x0000019a9ee667a0, 0x0000019a9ee66878]
Event: 0.318 Thread 0x0000019ab21c4540 nmethod 400% 0x0000019a9ee66910 code [0x0000019a9ee66ba0, 0x0000019a9ee67f78]

GC Heap History (0 events):
No events

Dll operation events (7 events):
Event: 0.020 Loaded shared library C:\Users\B38797\OneDrive - Interbank\Documentos\sts-4.18.1.RELEASE\plugins\org.eclipse.justj.openjdk.hotspot.jre.full.win32.x86_64_17.0.7.v20230425-1502\jre\bin\java.dll
Event: 0.210 Loaded shared library C:\Users\B38797\OneDrive - Interbank\Documentos\sts-4.18.1.RELEASE\plugins\org.eclipse.justj.openjdk.hotspot.jre.full.win32.x86_64_17.0.7.v20230425-1502\jre\bin\jimage.dll
Event: 0.225 Loaded shared library C:\Users\B38797\OneDrive - Interbank\Documentos\sts-4.18.1.RELEASE\plugins\org.eclipse.justj.openjdk.hotspot.jre.full.win32.x86_64_17.0.7.v20230425-1502\jre\bin\net.dll
Event: 0.230 Loaded shared library C:\Users\B38797\OneDrive - Interbank\Documentos\sts-4.18.1.RELEASE\plugins\org.eclipse.justj.openjdk.hotspot.jre.full.win32.x86_64_17.0.7.v20230425-1502\jre\bin\nio.dll
Event: 0.235 Loaded shared library C:\Users\B38797\OneDrive - Interbank\Documentos\sts-4.18.1.RELEASE\plugins\org.eclipse.justj.openjdk.hotspot.jre.full.win32.x86_64_17.0.7.v20230425-1502\jre\bin\zip.dll
Event: 0.309 Loaded shared library C:\Users\B38797\OneDrive - Interbank\Documentos\sts-4.18.1.RELEASE\plugins\org.eclipse.justj.openjdk.hotspot.jre.full.win32.x86_64_17.0.7.v20230425-1502\jre\bin\management.dll
Event: 0.321 Loaded shared library C:\Users\B38797\OneDrive - Interbank\Documentos\sts-4.18.1.RELEASE\plugins\org.eclipse.justj.openjdk.hotspot.jre.full.win32.x86_64_17.0.7.v20230425-1502\jre\bin\management_ext.dll

Deoptimization events (0 events):
No events

Classes unloaded (0 events):
No events

Classes redefined (0 events):
No events

Internal exceptions (1 events):
Event: 0.305 Thread 0x0000019a9b492650 Exception <a 'java/lang/NoSuchMethodError'{0x0000000712a05ce0}: 'java.lang.Object java.lang.invoke.DirectMethodHandle$Holder.invokeStaticInit(java.lang.Object)'> (0x0000000712a05ce0) 
thrown [s\src\hotspot\share\interpreter\linkResolver.cpp, line 759]

VM Operations (2 events):
Event: 0.194 Executing VM operation: HandshakeAllThreads
Event: 0.194 Executing VM operation: HandshakeAllThreads done

Events (20 events):
Event: 0.323 loading class java/lang/management/DefaultPlatformMBeanProvider$1 done
Event: 0.323 loading class java/lang/management/DefaultPlatformMBeanProvider$2
Event: 0.323 loading class java/lang/management/DefaultPlatformMBeanProvider$2 done
Event: 0.323 loading class java/lang/management/DefaultPlatformMBeanProvider$3
Event: 0.323 loading class java/lang/management/DefaultPlatformMBeanProvider$3 done
Event: 0.323 loading class java/lang/management/DefaultPlatformMBeanProvider$4
Event: 0.323 loading class java/lang/management/DefaultPlatformMBeanProvider$4 done
Event: 0.323 loading class java/lang/management/DefaultPlatformMBeanProvider$5
Event: 0.323 loading class java/lang/management/DefaultPlatformMBeanProvider$5 done
Event: 0.323 loading class java/lang/management/DefaultPlatformMBeanProvider$6
Event: 0.323 loading class java/lang/management/DefaultPlatformMBeanProvider$6 done
Event: 0.323 loading class java/lang/management/DefaultPlatformMBeanProvider$7
Event: 0.323 loading class java/lang/management/DefaultPlatformMBeanProvider$7 done
Event: 0.323 loading class java/lang/management/DefaultPlatformMBeanProvider$8
Event: 0.323 loading class java/lang/management/DefaultPlatformMBeanProvider$8 done
Event: 0.323 loading class sun/management/ManagementFactoryHelper$LoggingMXBeanAccess
Event: 0.323 loading class sun/management/ManagementFactoryHelper$LoggingMXBeanAccess done
Event: 0.323 loading class sun/management/ManagementFactoryHelper$LoggingMXBeanAccess$1
Event: 0.323 loading class sun/management/ManagementFactoryHelper$LoggingMXBeanAccess$1 done
Event: 0.323 loading class java/util/logging/LogManager


Dynamic libraries:
0x00007ff611cf0000 - 0x00007ff611cfe000 	C:\Users\B38797\OneDrive - Interbank\Documentos\sts-4.18.1.RELEASE\plugins\org.eclipse.justj.openjdk.hotspot.jre.full.win32.x86_64_17.0.7.v20230425-1502\jre\bin\javaw.exe
0x00007ffad20d0000 - 0x00007ffad22c8000 	C:\WINDOWS\SYSTEM32\ntdll.dll
0x00007ffad1bc0000 - 0x00007ffad1c7d000 	C:\WINDOWS\System32\KERNEL32.DLL
0x00007ffacfd00000 - 0x00007ffacfff6000 	C:\WINDOWS\System32\KERNELBASE.dll
0x00007ffad0000000 - 0x00007ffad0100000 	C:\WINDOWS\System32\ucrtbase.dll
0x00007ffa8cbc0000 - 0x00007ffa8cbd7000 	C:\Users\B38797\OneDrive - Interbank\Documentos\sts-4.18.1.RELEASE\plugins\org.eclipse.justj.openjdk.hotspot.jre.full.win32.x86_64_17.0.7.v20230425-1502\jre\bin\jli.dll
0x00007ffa8cbe0000 - 0x00007ffa8cbf9000 	C:\Users\B38797\OneDrive - Interbank\Documentos\sts-4.18.1.RELEASE\plugins\org.eclipse.justj.openjdk.hotspot.jre.full.win32.x86_64_17.0.7.v20230425-1502\jre\bin\VCRUNTIME140.dll
0x00007ffad0550000 - 0x00007ffad06ef000 	C:\WINDOWS\System32\USER32.dll
0x00007ffacf7b0000 - 0x00007ffacf7d2000 	C:\WINDOWS\System32\win32u.dll
0x00007ffacdc10000 - 0x00007ffacdeaa000 	C:\WINDOWS\WinSxS\amd64_microsoft.windows.common-controls_6595b64144ccf1df_6.0.19041.4355_none_60b8b9eb71f62e16\COMCTL32.dll
0x00007ffad06f0000 - 0x00007ffad071b000 	C:\WINDOWS\System32\GDI32.dll
0x00007ffad10e0000 - 0x00007ffad117e000 	C:\WINDOWS\System32\msvcrt.dll
0x00007ffacfbe0000 - 0x00007ffacfcf7000 	C:\WINDOWS\System32\gdi32full.dll
0x00007ffacf930000 - 0x00007ffacf9cd000 	C:\WINDOWS\System32\msvcp_win.dll
0x00007ffad1710000 - 0x00007ffad1742000 	C:\WINDOWS\System32\IMM32.DLL
0x0000019a9ab60000 - 0x0000019a9ab74000 	C:\WINDOWS\System32\umppc18408.dll
0x00007ffaa40f0000 - 0x00007ffaa40fc000 	C:\Users\B38797\OneDrive - Interbank\Documentos\sts-4.18.1.RELEASE\plugins\org.eclipse.justj.openjdk.hotspot.jre.full.win32.x86_64_17.0.7.v20230425-1502\jre\bin\vcruntime140_1.dll
0x00007ffa5cd10000 - 0x00007ffa5cda1000 	C:\Users\B38797\OneDrive - Interbank\Documentos\sts-4.18.1.RELEASE\plugins\org.eclipse.justj.openjdk.hotspot.jre.full.win32.x86_64_17.0.7.v20230425-1502\jre\bin\msvcp140.dll
0x00007ffa0f0b0000 - 0x00007ffa0fcf8000 	C:\Users\B38797\OneDrive - Interbank\Documentos\sts-4.18.1.RELEASE\plugins\org.eclipse.justj.openjdk.hotspot.jre.full.win32.x86_64_17.0.7.v20230425-1502\jre\bin\server\jvm.dll
0x00007ffad0230000 - 0x00007ffad02e0000 	C:\WINDOWS\System32\ADVAPI32.dll
0x00007ffad1670000 - 0x00007ffad1710000 	C:\WINDOWS\System32\sechost.dll
0x00007ffad02e0000 - 0x00007ffad0403000 	C:\WINDOWS\System32\RPCRT4.dll
0x00007ffacf780000 - 0x00007ffacf7a7000 	C:\WINDOWS\System32\bcrypt.dll
0x00007ffaad750000 - 0x00007ffaad759000 	C:\WINDOWS\SYSTEM32\WSOCK32.dll
0x00007ffad1e60000 - 0x00007ffad1ecb000 	C:\WINDOWS\System32\WS2_32.dll
0x00007ffaab6c0000 - 0x00007ffaab6e7000 	C:\WINDOWS\SYSTEM32\WINMM.dll
0x00007ffac63a0000 - 0x00007ffac63aa000 	C:\WINDOWS\SYSTEM32\VERSION.dll
0x00007ffacd530000 - 0x00007ffacd542000 	C:\WINDOWS\SYSTEM32\kernel.appcore.dll
0x00007ffac7090000 - 0x00007ffac709a000 	C:\Users\B38797\OneDrive - Interbank\Documentos\sts-4.18.1.RELEASE\plugins\org.eclipse.justj.openjdk.hotspot.jre.full.win32.x86_64_17.0.7.v20230425-1502\jre\bin\jimage.dll
0x00007ffacd060000 - 0x00007ffacd244000 	C:\WINDOWS\SYSTEM32\DBGHELP.DLL
0x00007ffaac990000 - 0x00007ffaac9c4000 	C:\WINDOWS\SYSTEM32\dbgcore.DLL
0x00007ffacf8a0000 - 0x00007ffacf922000 	C:\WINDOWS\System32\bcryptPrimitives.dll
0x00007ffa80e00000 - 0x00007ffa80e25000 	C:\Users\B38797\OneDrive - Interbank\Documentos\sts-4.18.1.RELEASE\plugins\org.eclipse.justj.openjdk.hotspot.jre.full.win32.x86_64_17.0.7.v20230425-1502\jre\bin\java.dll
0x00007ffabaff0000 - 0x00007ffabb008000 	C:\Users\B38797\OneDrive - Interbank\Documentos\sts-4.18.1.RELEASE\plugins\org.eclipse.justj.openjdk.hotspot.jre.full.win32.x86_64_17.0.7.v20230425-1502\jre\bin\zip.dll
0x00007ffad0720000 - 0x00007ffad0e8b000 	C:\WINDOWS\System32\SHELL32.dll
0x00007ffacc7f0000 - 0x00007ffaccf8d000 	C:\WINDOWS\SYSTEM32\windows.storage.dll
0x00007ffad1230000 - 0x00007ffad1583000 	C:\WINDOWS\System32\combase.dll
0x00007ffacf0c0000 - 0x00007ffacf0ee000 	C:\WINDOWS\SYSTEM32\Wldp.dll
0x00007ffad1ef0000 - 0x00007ffad1fbd000 	C:\WINDOWS\System32\OLEAUT32.dll
0x00007ffad1180000 - 0x00007ffad122d000 	C:\WINDOWS\System32\SHCORE.dll
0x00007ffad04f0000 - 0x00007ffad0545000 	C:\WINDOWS\System32\shlwapi.dll
0x00007ffacf6b0000 - 0x00007ffacf6d4000 	C:\WINDOWS\SYSTEM32\profapi.dll
0x00007ffa88430000 - 0x00007ffa88449000 	C:\Users\B38797\OneDrive - Interbank\Documentos\sts-4.18.1.RELEASE\plugins\org.eclipse.justj.openjdk.hotspot.jre.full.win32.x86_64_17.0.7.v20230425-1502\jre\bin\net.dll
0x00007fface6f0000 - 0x00007fface7fa000 	C:\WINDOWS\SYSTEM32\WINHTTP.dll
0x00007ffaceea0000 - 0x00007ffacef0a000 	C:\WINDOWS\system32\mswsock.dll
0x00007ffa86ba0000 - 0x00007ffa86bb5000 	C:\Users\B38797\OneDrive - Interbank\Documentos\sts-4.18.1.RELEASE\plugins\org.eclipse.justj.openjdk.hotspot.jre.full.win32.x86_64_17.0.7.v20230425-1502\jre\bin\nio.dll
0x00007ffa988c0000 - 0x00007ffa988c9000 	C:\Users\B38797\OneDrive - Interbank\Documentos\sts-4.18.1.RELEASE\plugins\org.eclipse.justj.openjdk.hotspot.jre.full.win32.x86_64_17.0.7.v20230425-1502\jre\bin\management.dll
0x00007ffa91420000 - 0x00007ffa9142b000 	C:\Users\B38797\OneDrive - Interbank\Documentos\sts-4.18.1.RELEASE\plugins\org.eclipse.justj.openjdk.hotspot.jre.full.win32.x86_64_17.0.7.v20230425-1502\jre\bin\management_ext.dll
0x00007ffad1fc0000 - 0x00007ffad1fc8000 	C:\WINDOWS\System32\PSAPI.DLL

dbghelp: loaded successfully - version: 4.0.5 - missing functions: none
symbol engine: initialized successfully - sym options: 0x614 - pdb path: .;C:\Users\B38797\OneDrive - Interbank\Documentos\sts-4.18.1.RELEASE\plugins\org.eclipse.justj.openjdk.hotspot.jre.full.win32.x86_64_17.0.7.v20230425-1502\jre\bin;C:\WINDOWS\SYSTEM32;C:\WINDOWS\WinSxS\amd64_microsoft.windows.common-controls_6595b64144ccf1df_6.0.19041.4355_none_60b8b9eb71f62e16;C:\Users\B38797\OneDrive - Interbank\Documentos\sts-4.18.1.RELEASE\plugins\org.eclipse.justj.openjdk.hotspot.jre.full.win32.x86_64_17.0.7.v20230425-1502\jre\bin\server

VM Arguments:
jvm_args: -Dcom.sun.management.jmxremote -Dcom.sun.management.jmxremote.port=58376 -Dcom.sun.management.jmxremote.authenticate=false -Dcom.sun.management.jmxremote.ssl=false -Djava.rmi.server.hostname=localhost -Dspring.jmx.enabled=true -Dmanagement.endpoints.jmx.exposure.include=* -Dspring.application.admin.enabled=true -XX:TieredStopAtLevel=1 -Dspring.boot.project.name=provisioning -Dfile.encoding=UTF-8 -XX:+ShowCodeDetailsInExceptionMessages 
java_command: com.hacom.ussdmxaprovisionamiento.UssdMxAprovisionamientoApplication --spring.output.ansi.enabled=always
java_class_path (initial): C:\Users\B38797\Documents\workspace-spring-tool-suite-4-4.18.1.RELEASE\provisioning\target\classes;C:\Users\B38797\.m2\repository\org\springframework\boot\spring-boot-starter-data-mongodb-reactive\2.7.16\spring-boot-starter-data-mongodb-reactive-2.7.16.jar;C:\Users\B38797\.m2\repository\org\springframework\boot\spring-boot-starter\2.7.16\spring-boot-starter-2.7.16.jar;C:\Users\B38797\.m2\repository\org\springframework\boot\spring-boot-starter-logging\2.7.16\spring-boot-starter-logging-2.7.16.jar;C:\Users\B38797\.m2\repository\ch\qos\logback\logback-classic\1.2.12\logback-classic-1.2.12.jar;C:\Users\B38797\.m2\repository\ch\qos\logback\logback-core\1.2.12\logback-core-1.2.12.jar;C:\Users\B38797\.m2\repository\org\apache\logging\log4j\log4j-to-slf4j\2.17.2\log4j-to-slf4j-2.17.2.jar;C:\Users\B38797\.m2\repository\org\slf4j\jul-to-slf4j\1.7.36\jul-to-slf4j-1.7.36.jar;C:\Users\B38797\.m2\repository\org\yaml\snakeyaml\1.30\snakeyaml-1.30.jar;C:\Users\B38797\.m2\repository\io\projectreactor\reactor-core\3.4.32\reactor-core-3.4.32.jar;C:\Users\B38797\.m2\repository\org\reactivestreams\reactive-streams\1.0.4\reactive-streams-1.0.4.jar;C:\Users\B38797\.m2\repository\org\mongodb\mongodb-driver-reactivestreams\4.6.1\mongodb-driver-reactivestreams-4.6.1.jar;C:\Users\B38797\.m2\repository\org\mongodb\bson\4.6.1\bson-4.6.1.jar;C:\Users\B38797\.m2\repository\org\mongodb\mongodb-driver-core\4.6.1\mongodb-driver-core-4.6.1.jar;C:\Users\B38797\.m2\repository\org\mongodb\bson-record-codec\4.6.1\bson-record-codec-4.6.1.jar;C:\Users\B38797\.m2\repository\org\springframework\data\spring-data-mongodb\3.4.16\spring-data-mongodb-3.4.16.jar;C:\Users\B38797\.m2\repository\org\springframework\spring-tx\5.3.30\spring-tx-5.3.30.jar;C:\Users\B38797\.m2\repository\org\springframework\spring-context\5.3.30\spring-context-5.3.30.jar;C:\Users\B38797\.m2\repository\org\springframework\spring-expression\5.3.30\spring-expression-5.3.30.jar;C:\Users\B38797\.m2\repository\org\s
Launcher Type: SUN_STANDARD

[Global flags]
     intx CICompilerCount                          = 4                                         {product} {ergonomic}
     uint ConcGCThreads                            = 2                                         {product} {ergonomic}
     uint G1ConcRefinementThreads                  = 8                                         {product} {ergonomic}
   size_t G1HeapRegionSize                         = 2097152                                   {product} {ergonomic}
    uintx GCDrainStackTargetSize                   = 64                                        {product} {ergonomic}
   size_t InitialHeapSize                          = 266338304                                 {product} {ergonomic}
     bool ManagementServer                         = true                                      {product} {command line}
   size_t MarkStackSize                            = 4194304                                   {product} {ergonomic}
   size_t MaxHeapSize                              = 4236247040                                {product} {ergonomic}
   size_t MaxNewSize                               = 2541748224                                {product} {ergonomic}
   size_t MinHeapDeltaBytes                        = 2097152                                   {product} {ergonomic}
   size_t MinHeapSize                              = 8388608                                   {product} {ergonomic}
    uintx NonProfiledCodeHeapSize                  = 0                                      {pd product} {ergonomic}
     bool ProfileInterpreter                       = false                                  {pd product} {command line}
    uintx ProfiledCodeHeapSize                     = 0                                      {pd product} {ergonomic}
     bool ShowCodeDetailsInExceptionMessages       = true                                   {manageable} {command line}
   size_t SoftMaxHeapSize                          = 4236247040                             {manageable} {ergonomic}
     intx TieredStopAtLevel                        = 1                                         {product} {command line}
     bool UseCompressedClassPointers               = true                           {product lp64_product} {ergonomic}
     bool UseCompressedOops                        = true                           {product lp64_product} {ergonomic}
     bool UseG1GC                                  = true                                      {product} {ergonomic}
     bool UseLargePagesIndividualAllocation        = false                                  {pd product} {ergonomic}

Logging:
Log output configuration:
 #0: stdout all=warning uptime,level,tags
 #1: stderr all=off uptime,level,tags

Environment Variables:
JAVA_HOME=C:\Program Files\Java\jdk-17.0.1
PATH=C:/Users/B38797/OneDrive - Interbank/Documentos/sts-4.18.1.RELEASE//plugins/org.eclipse.justj.openjdk.hotspot.jre.full.win32.x86_64_17.0.7.v20230425-1502/jre/bin/server;C:/Users/B38797/OneDrive - Interbank/Documentos/sts-4.18.1.RELEASE//plugins/org.eclipse.justj.openjdk.hotspot.jre.full.win32.x86_64_17.0.7.v20230425-1502/jre/bin;C:\Users\B38797\Desktop\oracle\bin;C:\Users\B38797\Downloads\WINDOWS.X64_193000_db_home\bin;C:\Program Files (x86)\Microsoft SDKs\Azure\CLI2\wbin;C:\ProgramData\Oracle\Java\javapath;C:\Program Files\Teradata\Client\15.10\bin;C:\Program Files (x86)\Teradata\Client\15.10\bin;C:\Program Files\Common Files\Oracle\Java\javapath;C:\WINDOWS\system32;C:\WINDOWS;C:\WINDOWS\System32\Wbem;C:\WINDOWS\System32\WindowsPowerShell\v1.0\;C:\WINDOWS\System32\OpenSSH\;C:\Program Files\PuTTY\;C:\Program Files\nodejs\;C:\Program Files (x86)\Yarn\bin\;C:\Program Files (x86)\Microsoft SQL Server\160\Tools\Binn\;C:\Program Files\Microsoft SQL Server\160\Tools\Binn\;C:\Program Files\Microsoft SQL Server\Client SDK\ODBC\170\Tools\Binn\;C:\Program Files\Microsoft SQL Server\160\DTS\Binn\;C:\Program Files (x86)\Microsoft SQL Server\160\DTS\Binn\;C:\Program Files\Azure Data Studio\bin;C:\Program Files\Maven\apache-maven-3.9.2\bin;C:\Users\B38797\kubectl;C:\Users\B38797\AppData\Local\Programs\Python\Python311\;C:\Users\B38797\AppData\Local\Programs\Python\Python311\Scripts\;C:\Program Files\Redis\;C:\Program Files\Docker\Docker\resources\bin;C:\Program Files\MongoDB\Server\7.0\bin;C:\Program Files\Java\jdk-17.0.1\bin;C:\Program Files\MySQL\MySQL Shell 8.0\bin\;C:\Users\B38797\AppData\Local\Microsoft\WindowsApps;C:\Users\B38797\AppData\Local\Programs\Microsoft VS Code\bin;C:\Users\B38797\AppData\Local\Programs\Git\cmd;C:\Users\B38797\AppData\Roaming\npm;C:\Users\B38797\AppData\Local\Google\Cloud SDK\google-cloud-sdk\bin;C:\Users\B38797\AppData\Local\Yarn\bin;C:\Program Files\Azure Data Studio\bin;C:\Users\B38797\.azure-kubectl;C:\Users\B38797\.azure-kubelogin;C:\Users\B
USERNAME=B38797
OS=Windows_NT
PROCESSOR_IDENTIFIER=Intel64 Family 6 Model 142 Stepping 12, GenuineIntel
TMP=C:\Users\B38797\AppData\Local\Temp
TEMP=C:\Users\B38797\AppData\Local\Temp



---------------  S Y S T E M  ---------------

OS:
 Windows 10 , 64 bit Build 19041 (10.0.19041.3636)
OS uptime: 0 days 4:05 hours
Hyper-V role detected

CPU: total 8 (initial active 8) (4 cores per cpu, 2 threads per core) family 6 model 142 stepping 12 microcode 0xfa, cx8, cmov, fxsr, ht, mmx, 3dnowpref, sse, sse2, sse3, ssse3, sse4.1, sse4.2, popcnt, lzcnt, tsc, tscinvbit, avx, avx2, aes, erms, clmul, bmi1, bmi2, adx, fma, vzeroupper, clflush, clflushopt, hv

Memory: 4k page, system-wide physical 16157M (2142M free)
TotalPageFile size 24877M (AvailPageFile size 5M)
current process WorkingSet (physical memory assigned to process): 45M, peak: 45M
current process commit charge ("private bytes"): 339M, peak: 339M

vm_info: OpenJDK 64-Bit Server VM (17.0.7+7) for windows-amd64 JRE (17.0.7+7), built on Apr 18 2023 22:10:42 by "temurin" with MS VC++ 16.7 (VS2019)

END.
