#
# There is insufficient memory for the Java Runtime Environment to continue.
# Native memory allocation (mmap) failed to map 65536 bytes for Failed to commit metaspace.
# Possible reasons:
#   The system is out of physical RAM or swap space
#   The process is running with CompressedOops enabled, and the Java Heap may be blocking the growth of the native heap
# Possible solutions:
#   Reduce memory load on the system
#   Increase physical memory or swap space
#   Check if swap backing store is full
#   Decrease Java heap size (-Xmx/-Xms)
#   Decrease number of Java threads
#   Decrease Java thread stack sizes (-Xss)
#   Set larger code cache with -XX:ReservedCodeCacheSize=
#   JVM is running with Zero Based Compressed Oops mode in which the Java heap is
#     placed in the first 32GB address space. The Java Heap base address is the
#     maximum limit for the native heap growth. Please use -XX:HeapBaseMinAddress
#     to set the Java Heap base and to place the Java Heap above 32GB virtual address.
# This output file may be truncated or incomplete.
#
#  Out of Memory Error (virtualSpaceNode.cpp:110), pid=24712, tid=13840
#
# JRE version: OpenJDK Runtime Environment Temurin-17.0.7+7 (17.0.7+7) (build 17.0.7+7)
# Java VM: OpenJDK 64-Bit Server VM Temurin-17.0.7+7 (17.0.7+7, mixed mode, emulated-client, tiered, compressed oops, compressed class ptrs, g1 gc, windows-amd64)
# No core dump will be written. Minidumps are not enabled by default on client versions of Windows
#

---------------  S U M M A R Y ------------

Command Line: -Dcom.sun.management.jmxremote -Dcom.sun.management.jmxremote.port=58379 -Dcom.sun.management.jmxremote.authenticate=false -Dcom.sun.management.jmxremote.ssl=false -Djava.rmi.server.hostname=localhost -Dspring.jmx.enabled=true -Dmanagement.endpoints.jmx.exposure.include=* -Dspring.application.admin.enabled=true -XX:TieredStopAtLevel=1 -Dspring.boot.project.name=provisioning -Dfile.encoding=UTF-8 -XX:+ShowCodeDetailsInExceptionMessages com.hacom.ussdmxaprovisionamiento.UssdMxAprovisionamientoApplication --spring.output.ansi.enabled=always

Host: Intel(R) Core(TM) i7-10610U CPU @ 1.80GHz, 8 cores, 15G,  Windows 10 , 64 bit Build 19041 (10.0.19041.3636)
Time: Mon May 27 14:41:29 2024 Hora est. Pacífico, Sudamérica elapsed time: 0.589743 seconds (0d 0h 0m 0s)

---------------  T H R E A D  ---------------

Current thread (0x000001c07c847020):  JavaThread "main" [_thread_in_vm, id=13840, stack(0x0000006fde300000,0x0000006fde400000)]

Stack: [0x0000006fde300000,0x0000006fde400000]
Native frames: (J=compiled Java code, j=interpreted, Vv=VM code, C=native code)
V  [jvm.dll+0x67754a]
V  [jvm.dll+0x834304]
V  [jvm.dll+0x835aae]
V  [jvm.dll+0x836113]
V  [jvm.dll+0x24696f]
V  [jvm.dll+0x83039b]
V  [jvm.dll+0x61c006]
V  [jvm.dll+0x1c169e]
V  [jvm.dll+0x61e961]
V  [jvm.dll+0x61c9a6]
V  [jvm.dll+0x626887]
V  [jvm.dll+0x24eda6]
V  [jvm.dll+0x2502c5]
V  [jvm.dll+0x1e3bc5]
V  [jvm.dll+0x1e314d]
V  [jvm.dll+0x53ea79]
V  [jvm.dll+0x7afc28]
V  [jvm.dll+0x7afd14]
V  [jvm.dll+0x40de05]
V  [jvm.dll+0x413f58]
C  [java.dll+0x17ec]

Java frames: (J=compiled Java code, j=interpreted, Vv=VM code)
j  java.lang.ClassLoader.defineClass1(Ljava/lang/ClassLoader;Ljava/lang/String;[BIILjava/security/ProtectionDomain;Ljava/lang/String;)Ljava/lang/Class;+0 java.base@17.0.7
j  java.lang.ClassLoader.defineClass(Ljava/lang/String;[BIILjava/security/ProtectionDomain;)Ljava/lang/Class;+27 java.base@17.0.7
j  java.security.SecureClassLoader.defineClass(Ljava/lang/String;[BIILjava/security/CodeSource;)Ljava/lang/Class;+12 java.base@17.0.7
j  jdk.internal.loader.BuiltinClassLoader.defineClass(Ljava/lang/String;Ljdk/internal/loader/Resource;)Ljava/lang/Class;+117 java.base@17.0.7
j  jdk.internal.loader.BuiltinClassLoader.findClassOnClassPathOrNull(Ljava/lang/String;)Ljava/lang/Class;+37 java.base@17.0.7
j  jdk.internal.loader.BuiltinClassLoader.loadClassOrNull(Ljava/lang/String;Z)Ljava/lang/Class;+111 java.base@17.0.7
j  jdk.internal.loader.BuiltinClassLoader.loadClass(Ljava/lang/String;Z)Ljava/lang/Class;+3 java.base@17.0.7
j  jdk.internal.loader.ClassLoaders$AppClassLoader.loadClass(Ljava/lang/String;Z)Ljava/lang/Class;+36 java.base@17.0.7
j  java.lang.ClassLoader.loadClass(Ljava/lang/String;)Ljava/lang/Class;+3 java.base@17.0.7
v  ~StubRoutines::call_stub
j  com.hacom.ussdmxaprovisionamiento.UssdMxAprovisionamientoApplication.main([Ljava/lang/String;)V+3
v  ~StubRoutines::call_stub

---------------  P R O C E S S  ---------------

Threads class SMR info:
_java_thread_list=0x000001c014652300, length=16, elements={
0x000001c07c847020, 0x000001c00fa39620, 0x000001c00fa3af50, 0x000001c00fa70010,
0x000001c00fa708d0, 0x000001c00fa73f50, 0x000001c00fa784b0, 0x000001c00fa7b5d0,
0x000001c00fa7d680, 0x000001c00fbbf2f0, 0x000001c00fc071f0, 0x000001c00fc0e910,
0x000001c00fc5f4e0, 0x000001c014614b10, 0x000001c014615ca0, 0x000001c014661500
}

Java Threads: ( => current thread )
=>0x000001c07c847020 JavaThread "main" [_thread_in_vm, id=13840, stack(0x0000006fde300000,0x0000006fde400000)]
  0x000001c00fa39620 JavaThread "Reference Handler" daemon [_thread_blocked, id=27552, stack(0x0000006fdea00000,0x0000006fdeb00000)]
  0x000001c00fa3af50 JavaThread "Finalizer" daemon [_thread_blocked, id=23816, stack(0x0000006fdeb00000,0x0000006fdec00000)]
  0x000001c00fa70010 JavaThread "Signal Dispatcher" daemon [_thread_blocked, id=896, stack(0x0000006fdec00000,0x0000006fded00000)]
  0x000001c00fa708d0 JavaThread "Attach Listener" daemon [_thread_blocked, id=25496, stack(0x0000006fded00000,0x0000006fdee00000)]
  0x000001c00fa73f50 JavaThread "Service Thread" daemon [_thread_blocked, id=25196, stack(0x0000006fdee00000,0x0000006fdef00000)]
  0x000001c00fa784b0 JavaThread "Monitor Deflation Thread" daemon [_thread_blocked, id=25500, stack(0x0000006fdef00000,0x0000006fdf000000)]
  0x000001c00fa7b5d0 JavaThread "C1 CompilerThread0" daemon [_thread_blocked, id=28420, stack(0x0000006fdf000000,0x0000006fdf100000)]
  0x000001c00fa7d680 JavaThread "Sweeper thread" daemon [_thread_blocked, id=28368, stack(0x0000006fdf100000,0x0000006fdf200000)]
  0x000001c00fbbf2f0 JavaThread "Common-Cleaner" daemon [_thread_blocked, id=15384, stack(0x0000006fdf200000,0x0000006fdf300000)]
  0x000001c00fc071f0 JavaThread "C1 CompilerThread1" daemon [_thread_blocked, id=23808, stack(0x0000006fdf300000,0x0000006fdf400000)]
  0x000001c00fc0e910 JavaThread "C1 CompilerThread2" daemon [_thread_blocked, id=24648, stack(0x0000006fdf400000,0x0000006fdf500000)]
  0x000001c00fc5f4e0 JavaThread "Notification Thread" daemon [_thread_blocked, id=24164, stack(0x0000006fdf500000,0x0000006fdf600000)]
  0x000001c014614b10 JavaThread "RMI TCP Accept-0" daemon [_thread_in_native, id=2956, stack(0x0000006fdf600000,0x0000006fdf700000)]
  0x000001c014615ca0 JavaThread "RMI TCP Accept-58379" daemon [_thread_in_native, id=17012, stack(0x0000006fdf700000,0x0000006fdf800000)]
  0x000001c014661500 JavaThread "RMI TCP Accept-0" daemon [_thread_in_native, id=1804, stack(0x0000006fdf800000,0x0000006fdf900000)]

Other Threads:
  0x000001c00f9be710 VMThread "VM Thread" [stack: 0x0000006fde900000,0x0000006fdea00000] [id=27012]
  0x000001c07c8b13b0 GCTaskThread "GC Thread#0" [stack: 0x0000006fde400000,0x0000006fde500000] [id=28448]
  0x000001c07c8c2e90 ConcurrentGCThread "G1 Main Marker" [stack: 0x0000006fde500000,0x0000006fde600000] [id=24700]
  0x000001c07c8c4830 ConcurrentGCThread "G1 Conc#0" [stack: 0x0000006fde600000,0x0000006fde700000] [id=23768]
  0x000001c00f86cc20 ConcurrentGCThread "G1 Refine#0" [stack: 0x0000006fde700000,0x0000006fde800000] [id=27244]
  0x000001c00f86d550 ConcurrentGCThread "G1 Service" [stack: 0x0000006fde800000,0x0000006fde900000] [id=14368]

Threads with active compile tasks:

VM state: not at safepoint (normal execution)

VM Mutex/Monitor currently owned by a thread:  ([mutex/lock_event])
[0x000001c07c840630] Metaspace_lock - owner thread: 0x000001c07c847020

Heap address: 0x0000000703800000, size: 4040 MB, Compressed Oops mode: Zero based, Oop shift amount: 3

CDS archive(s) not mapped
Compressed class space mapped at: 0x0000000800000000-0x0000000840000000, reserved size: 1073741824
Narrow klass base: 0x0000000800000000, Narrow klass shift: 0, Narrow klass range: 0x40000000

GC Precious Log:
 CPUs: 8 total, 8 available
 Memory: 16157M
 Large Page Support: Disabled
 NUMA Support: Disabled
 Compressed Oops: Enabled (Zero based)
 Heap Region Size: 2M
 Heap Min Capacity: 8M
 Heap Initial Capacity: 254M
 Heap Max Capacity: 4040M
 Pre-touch: Disabled
 Parallel Workers: 8
 Concurrent Workers: 2
 Concurrent Refinement Workers: 8
 Periodic GC: Disabled

Heap:
 garbage-first heap   total 260096K, used 14336K [0x0000000703800000, 0x0000000800000000)
  region size 2048K, 8 young (16384K), 0 survivors (0K)
 Metaspace       used 12508K, committed 12608K, reserved 1114112K
  class space    used 1276K, committed 1344K, reserved 1048576K

Heap Regions: E=young(eden), S=young(survivor), O=old, HS=humongous(starts), HC=humongous(continues), CS=collection set, F=free, OA=open archive, CA=closed archive, TAMS=top-at-mark-start (previous, next)
|   0|0x0000000703800000, 0x0000000703800000, 0x0000000703a00000|  0%| F|  |TAMS 0x0000000703800000, 0x0000000703800000| Untracked 
|   1|0x0000000703a00000, 0x0000000703a00000, 0x0000000703c00000|  0%| F|  |TAMS 0x0000000703a00000, 0x0000000703a00000| Untracked 
|   2|0x0000000703c00000, 0x0000000703c00000, 0x0000000703e00000|  0%| F|  |TAMS 0x0000000703c00000, 0x0000000703c00000| Untracked 
|   3|0x0000000703e00000, 0x0000000703e00000, 0x0000000704000000|  0%| F|  |TAMS 0x0000000703e00000, 0x0000000703e00000| Untracked 
|   4|0x0000000704000000, 0x0000000704000000, 0x0000000704200000|  0%| F|  |TAMS 0x0000000704000000, 0x0000000704000000| Untracked 
|   5|0x0000000704200000, 0x0000000704200000, 0x0000000704400000|  0%| F|  |TAMS 0x0000000704200000, 0x0000000704200000| Untracked 
|   6|0x0000000704400000, 0x0000000704400000, 0x0000000704600000|  0%| F|  |TAMS 0x0000000704400000, 0x0000000704400000| Untracked 
|   7|0x0000000704600000, 0x0000000704600000, 0x0000000704800000|  0%| F|  |TAMS 0x0000000704600000, 0x0000000704600000| Untracked 
|   8|0x0000000704800000, 0x0000000704800000, 0x0000000704a00000|  0%| F|  |TAMS 0x0000000704800000, 0x0000000704800000| Untracked 
|   9|0x0000000704a00000, 0x0000000704a00000, 0x0000000704c00000|  0%| F|  |TAMS 0x0000000704a00000, 0x0000000704a00000| Untracked 
|  10|0x0000000704c00000, 0x0000000704c00000, 0x0000000704e00000|  0%| F|  |TAMS 0x0000000704c00000, 0x0000000704c00000| Untracked 
|  11|0x0000000704e00000, 0x0000000704e00000, 0x0000000705000000|  0%| F|  |TAMS 0x0000000704e00000, 0x0000000704e00000| Untracked 
|  12|0x0000000705000000, 0x0000000705000000, 0x0000000705200000|  0%| F|  |TAMS 0x0000000705000000, 0x0000000705000000| Untracked 
|  13|0x0000000705200000, 0x0000000705200000, 0x0000000705400000|  0%| F|  |TAMS 0x0000000705200000, 0x0000000705200000| Untracked 
|  14|0x0000000705400000, 0x0000000705400000, 0x0000000705600000|  0%| F|  |TAMS 0x0000000705400000, 0x0000000705400000| Untracked 
|  15|0x0000000705600000, 0x0000000705600000, 0x0000000705800000|  0%| F|  |TAMS 0x0000000705600000, 0x0000000705600000| Untracked 
|  16|0x0000000705800000, 0x0000000705800000, 0x0000000705a00000|  0%| F|  |TAMS 0x0000000705800000, 0x0000000705800000| Untracked 
|  17|0x0000000705a00000, 0x0000000705a00000, 0x0000000705c00000|  0%| F|  |TAMS 0x0000000705a00000, 0x0000000705a00000| Untracked 
|  18|0x0000000705c00000, 0x0000000705c00000, 0x0000000705e00000|  0%| F|  |TAMS 0x0000000705c00000, 0x0000000705c00000| Untracked 
|  19|0x0000000705e00000, 0x0000000705e00000, 0x0000000706000000|  0%| F|  |TAMS 0x0000000705e00000, 0x0000000705e00000| Untracked 
|  20|0x0000000706000000, 0x0000000706000000, 0x0000000706200000|  0%| F|  |TAMS 0x0000000706000000, 0x0000000706000000| Untracked 
|  21|0x0000000706200000, 0x0000000706200000, 0x0000000706400000|  0%| F|  |TAMS 0x0000000706200000, 0x0000000706200000| Untracked 
|  22|0x0000000706400000, 0x0000000706400000, 0x0000000706600000|  0%| F|  |TAMS 0x0000000706400000, 0x0000000706400000| Untracked 
|  23|0x0000000706600000, 0x0000000706600000, 0x0000000706800000|  0%| F|  |TAMS 0x0000000706600000, 0x0000000706600000| Untracked 
|  24|0x0000000706800000, 0x0000000706800000, 0x0000000706a00000|  0%| F|  |TAMS 0x0000000706800000, 0x0000000706800000| Untracked 
|  25|0x0000000706a00000, 0x0000000706a00000, 0x0000000706c00000|  0%| F|  |TAMS 0x0000000706a00000, 0x0000000706a00000| Untracked 
|  26|0x0000000706c00000, 0x0000000706c00000, 0x0000000706e00000|  0%| F|  |TAMS 0x0000000706c00000, 0x0000000706c00000| Untracked 
|  27|0x0000000706e00000, 0x0000000706e00000, 0x0000000707000000|  0%| F|  |TAMS 0x0000000706e00000, 0x0000000706e00000| Untracked 
|  28|0x0000000707000000, 0x0000000707000000, 0x0000000707200000|  0%| F|  |TAMS 0x0000000707000000, 0x0000000707000000| Untracked 
|  29|0x0000000707200000, 0x0000000707200000, 0x0000000707400000|  0%| F|  |TAMS 0x0000000707200000, 0x0000000707200000| Untracked 
|  30|0x0000000707400000, 0x0000000707400000, 0x0000000707600000|  0%| F|  |TAMS 0x0000000707400000, 0x0000000707400000| Untracked 
|  31|0x0000000707600000, 0x0000000707600000, 0x0000000707800000|  0%| F|  |TAMS 0x0000000707600000, 0x0000000707600000| Untracked 
|  32|0x0000000707800000, 0x0000000707800000, 0x0000000707a00000|  0%| F|  |TAMS 0x0000000707800000, 0x0000000707800000| Untracked 
|  33|0x0000000707a00000, 0x0000000707a00000, 0x0000000707c00000|  0%| F|  |TAMS 0x0000000707a00000, 0x0000000707a00000| Untracked 
|  34|0x0000000707c00000, 0x0000000707c00000, 0x0000000707e00000|  0%| F|  |TAMS 0x0000000707c00000, 0x0000000707c00000| Untracked 
|  35|0x0000000707e00000, 0x0000000707e00000, 0x0000000708000000|  0%| F|  |TAMS 0x0000000707e00000, 0x0000000707e00000| Untracked 
|  36|0x0000000708000000, 0x0000000708000000, 0x0000000708200000|  0%| F|  |TAMS 0x0000000708000000, 0x0000000708000000| Untracked 
|  37|0x0000000708200000, 0x0000000708200000, 0x0000000708400000|  0%| F|  |TAMS 0x0000000708200000, 0x0000000708200000| Untracked 
|  38|0x0000000708400000, 0x0000000708400000, 0x0000000708600000|  0%| F|  |TAMS 0x0000000708400000, 0x0000000708400000| Untracked 
|  39|0x0000000708600000, 0x0000000708600000, 0x0000000708800000|  0%| F|  |TAMS 0x0000000708600000, 0x0000000708600000| Untracked 
|  40|0x0000000708800000, 0x0000000708800000, 0x0000000708a00000|  0%| F|  |TAMS 0x0000000708800000, 0x0000000708800000| Untracked 
|  41|0x0000000708a00000, 0x0000000708a00000, 0x0000000708c00000|  0%| F|  |TAMS 0x0000000708a00000, 0x0000000708a00000| Untracked 
|  42|0x0000000708c00000, 0x0000000708c00000, 0x0000000708e00000|  0%| F|  |TAMS 0x0000000708c00000, 0x0000000708c00000| Untracked 
|  43|0x0000000708e00000, 0x0000000708e00000, 0x0000000709000000|  0%| F|  |TAMS 0x0000000708e00000, 0x0000000708e00000| Untracked 
|  44|0x0000000709000000, 0x0000000709000000, 0x0000000709200000|  0%| F|  |TAMS 0x0000000709000000, 0x0000000709000000| Untracked 
|  45|0x0000000709200000, 0x0000000709200000, 0x0000000709400000|  0%| F|  |TAMS 0x0000000709200000, 0x0000000709200000| Untracked 
|  46|0x0000000709400000, 0x0000000709400000, 0x0000000709600000|  0%| F|  |TAMS 0x0000000709400000, 0x0000000709400000| Untracked 
|  47|0x0000000709600000, 0x0000000709600000, 0x0000000709800000|  0%| F|  |TAMS 0x0000000709600000, 0x0000000709600000| Untracked 
|  48|0x0000000709800000, 0x0000000709800000, 0x0000000709a00000|  0%| F|  |TAMS 0x0000000709800000, 0x0000000709800000| Untracked 
|  49|0x0000000709a00000, 0x0000000709a00000, 0x0000000709c00000|  0%| F|  |TAMS 0x0000000709a00000, 0x0000000709a00000| Untracked 
|  50|0x0000000709c00000, 0x0000000709c00000, 0x0000000709e00000|  0%| F|  |TAMS 0x0000000709c00000, 0x0000000709c00000| Untracked 
|  51|0x0000000709e00000, 0x0000000709e00000, 0x000000070a000000|  0%| F|  |TAMS 0x0000000709e00000, 0x0000000709e00000| Untracked 
|  52|0x000000070a000000, 0x000000070a000000, 0x000000070a200000|  0%| F|  |TAMS 0x000000070a000000, 0x000000070a000000| Untracked 
|  53|0x000000070a200000, 0x000000070a200000, 0x000000070a400000|  0%| F|  |TAMS 0x000000070a200000, 0x000000070a200000| Untracked 
|  54|0x000000070a400000, 0x000000070a400000, 0x000000070a600000|  0%| F|  |TAMS 0x000000070a400000, 0x000000070a400000| Untracked 
|  55|0x000000070a600000, 0x000000070a600000, 0x000000070a800000|  0%| F|  |TAMS 0x000000070a600000, 0x000000070a600000| Untracked 
|  56|0x000000070a800000, 0x000000070a800000, 0x000000070aa00000|  0%| F|  |TAMS 0x000000070a800000, 0x000000070a800000| Untracked 
|  57|0x000000070aa00000, 0x000000070aa00000, 0x000000070ac00000|  0%| F|  |TAMS 0x000000070aa00000, 0x000000070aa00000| Untracked 
|  58|0x000000070ac00000, 0x000000070ac00000, 0x000000070ae00000|  0%| F|  |TAMS 0x000000070ac00000, 0x000000070ac00000| Untracked 
|  59|0x000000070ae00000, 0x000000070ae00000, 0x000000070b000000|  0%| F|  |TAMS 0x000000070ae00000, 0x000000070ae00000| Untracked 
|  60|0x000000070b000000, 0x000000070b000000, 0x000000070b200000|  0%| F|  |TAMS 0x000000070b000000, 0x000000070b000000| Untracked 
|  61|0x000000070b200000, 0x000000070b200000, 0x000000070b400000|  0%| F|  |TAMS 0x000000070b200000, 0x000000070b200000| Untracked 
|  62|0x000000070b400000, 0x000000070b400000, 0x000000070b600000|  0%| F|  |TAMS 0x000000070b400000, 0x000000070b400000| Untracked 
|  63|0x000000070b600000, 0x000000070b600000, 0x000000070b800000|  0%| F|  |TAMS 0x000000070b600000, 0x000000070b600000| Untracked 
|  64|0x000000070b800000, 0x000000070b800000, 0x000000070ba00000|  0%| F|  |TAMS 0x000000070b800000, 0x000000070b800000| Untracked 
|  65|0x000000070ba00000, 0x000000070ba00000, 0x000000070bc00000|  0%| F|  |TAMS 0x000000070ba00000, 0x000000070ba00000| Untracked 
|  66|0x000000070bc00000, 0x000000070bc00000, 0x000000070be00000|  0%| F|  |TAMS 0x000000070bc00000, 0x000000070bc00000| Untracked 
|  67|0x000000070be00000, 0x000000070be00000, 0x000000070c000000|  0%| F|  |TAMS 0x000000070be00000, 0x000000070be00000| Untracked 
|  68|0x000000070c000000, 0x000000070c000000, 0x000000070c200000|  0%| F|  |TAMS 0x000000070c000000, 0x000000070c000000| Untracked 
|  69|0x000000070c200000, 0x000000070c200000, 0x000000070c400000|  0%| F|  |TAMS 0x000000070c200000, 0x000000070c200000| Untracked 
|  70|0x000000070c400000, 0x000000070c400000, 0x000000070c600000|  0%| F|  |TAMS 0x000000070c400000, 0x000000070c400000| Untracked 
|  71|0x000000070c600000, 0x000000070c600000, 0x000000070c800000|  0%| F|  |TAMS 0x000000070c600000, 0x000000070c600000| Untracked 
|  72|0x000000070c800000, 0x000000070c800000, 0x000000070ca00000|  0%| F|  |TAMS 0x000000070c800000, 0x000000070c800000| Untracked 
|  73|0x000000070ca00000, 0x000000070ca00000, 0x000000070cc00000|  0%| F|  |TAMS 0x000000070ca00000, 0x000000070ca00000| Untracked 
|  74|0x000000070cc00000, 0x000000070cc00000, 0x000000070ce00000|  0%| F|  |TAMS 0x000000070cc00000, 0x000000070cc00000| Untracked 
|  75|0x000000070ce00000, 0x000000070ce00000, 0x000000070d000000|  0%| F|  |TAMS 0x000000070ce00000, 0x000000070ce00000| Untracked 
|  76|0x000000070d000000, 0x000000070d000000, 0x000000070d200000|  0%| F|  |TAMS 0x000000070d000000, 0x000000070d000000| Untracked 
|  77|0x000000070d200000, 0x000000070d200000, 0x000000070d400000|  0%| F|  |TAMS 0x000000070d200000, 0x000000070d200000| Untracked 
|  78|0x000000070d400000, 0x000000070d400000, 0x000000070d600000|  0%| F|  |TAMS 0x000000070d400000, 0x000000070d400000| Untracked 
|  79|0x000000070d600000, 0x000000070d600000, 0x000000070d800000|  0%| F|  |TAMS 0x000000070d600000, 0x000000070d600000| Untracked 
|  80|0x000000070d800000, 0x000000070d800000, 0x000000070da00000|  0%| F|  |TAMS 0x000000070d800000, 0x000000070d800000| Untracked 
|  81|0x000000070da00000, 0x000000070da00000, 0x000000070dc00000|  0%| F|  |TAMS 0x000000070da00000, 0x000000070da00000| Untracked 
|  82|0x000000070dc00000, 0x000000070dc00000, 0x000000070de00000|  0%| F|  |TAMS 0x000000070dc00000, 0x000000070dc00000| Untracked 
|  83|0x000000070de00000, 0x000000070de00000, 0x000000070e000000|  0%| F|  |TAMS 0x000000070de00000, 0x000000070de00000| Untracked 
|  84|0x000000070e000000, 0x000000070e000000, 0x000000070e200000|  0%| F|  |TAMS 0x000000070e000000, 0x000000070e000000| Untracked 
|  85|0x000000070e200000, 0x000000070e200000, 0x000000070e400000|  0%| F|  |TAMS 0x000000070e200000, 0x000000070e200000| Untracked 
|  86|0x000000070e400000, 0x000000070e400000, 0x000000070e600000|  0%| F|  |TAMS 0x000000070e400000, 0x000000070e400000| Untracked 
|  87|0x000000070e600000, 0x000000070e600000, 0x000000070e800000|  0%| F|  |TAMS 0x000000070e600000, 0x000000070e600000| Untracked 
|  88|0x000000070e800000, 0x000000070e800000, 0x000000070ea00000|  0%| F|  |TAMS 0x000000070e800000, 0x000000070e800000| Untracked 
|  89|0x000000070ea00000, 0x000000070ea00000, 0x000000070ec00000|  0%| F|  |TAMS 0x000000070ea00000, 0x000000070ea00000| Untracked 
|  90|0x000000070ec00000, 0x000000070ec00000, 0x000000070ee00000|  0%| F|  |TAMS 0x000000070ec00000, 0x000000070ec00000| Untracked 
|  91|0x000000070ee00000, 0x000000070ee00000, 0x000000070f000000|  0%| F|  |TAMS 0x000000070ee00000, 0x000000070ee00000| Untracked 
|  92|0x000000070f000000, 0x000000070f000000, 0x000000070f200000|  0%| F|  |TAMS 0x000000070f000000, 0x000000070f000000| Untracked 
|  93|0x000000070f200000, 0x000000070f200000, 0x000000070f400000|  0%| F|  |TAMS 0x000000070f200000, 0x000000070f200000| Untracked 
|  94|0x000000070f400000, 0x000000070f400000, 0x000000070f600000|  0%| F|  |TAMS 0x000000070f400000, 0x000000070f400000| Untracked 
|  95|0x000000070f600000, 0x000000070f600000, 0x000000070f800000|  0%| F|  |TAMS 0x000000070f600000, 0x000000070f600000| Untracked 
|  96|0x000000070f800000, 0x000000070f800000, 0x000000070fa00000|  0%| F|  |TAMS 0x000000070f800000, 0x000000070f800000| Untracked 
|  97|0x000000070fa00000, 0x000000070fa00000, 0x000000070fc00000|  0%| F|  |TAMS 0x000000070fa00000, 0x000000070fa00000| Untracked 
|  98|0x000000070fc00000, 0x000000070fc00000, 0x000000070fe00000|  0%| F|  |TAMS 0x000000070fc00000, 0x000000070fc00000| Untracked 
|  99|0x000000070fe00000, 0x000000070fe00000, 0x0000000710000000|  0%| F|  |TAMS 0x000000070fe00000, 0x000000070fe00000| Untracked 
| 100|0x0000000710000000, 0x0000000710000000, 0x0000000710200000|  0%| F|  |TAMS 0x0000000710000000, 0x0000000710000000| Untracked 
| 101|0x0000000710200000, 0x0000000710200000, 0x0000000710400000|  0%| F|  |TAMS 0x0000000710200000, 0x0000000710200000| Untracked 
| 102|0x0000000710400000, 0x0000000710400000, 0x0000000710600000|  0%| F|  |TAMS 0x0000000710400000, 0x0000000710400000| Untracked 
| 103|0x0000000710600000, 0x0000000710600000, 0x0000000710800000|  0%| F|  |TAMS 0x0000000710600000, 0x0000000710600000| Untracked 
| 104|0x0000000710800000, 0x0000000710800000, 0x0000000710a00000|  0%| F|  |TAMS 0x0000000710800000, 0x0000000710800000| Untracked 
| 105|0x0000000710a00000, 0x0000000710a00000, 0x0000000710c00000|  0%| F|  |TAMS 0x0000000710a00000, 0x0000000710a00000| Untracked 
| 106|0x0000000710c00000, 0x0000000710c00000, 0x0000000710e00000|  0%| F|  |TAMS 0x0000000710c00000, 0x0000000710c00000| Untracked 
| 107|0x0000000710e00000, 0x0000000710e00000, 0x0000000711000000|  0%| F|  |TAMS 0x0000000710e00000, 0x0000000710e00000| Untracked 
| 108|0x0000000711000000, 0x0000000711000000, 0x0000000711200000|  0%| F|  |TAMS 0x0000000711000000, 0x0000000711000000| Untracked 
| 109|0x0000000711200000, 0x0000000711200000, 0x0000000711400000|  0%| F|  |TAMS 0x0000000711200000, 0x0000000711200000| Untracked 
| 110|0x0000000711400000, 0x0000000711400000, 0x0000000711600000|  0%| F|  |TAMS 0x0000000711400000, 0x0000000711400000| Untracked 
| 111|0x0000000711600000, 0x0000000711600000, 0x0000000711800000|  0%| F|  |TAMS 0x0000000711600000, 0x0000000711600000| Untracked 
| 112|0x0000000711800000, 0x0000000711800000, 0x0000000711a00000|  0%| F|  |TAMS 0x0000000711800000, 0x0000000711800000| Untracked 
| 113|0x0000000711a00000, 0x0000000711a00000, 0x0000000711c00000|  0%| F|  |TAMS 0x0000000711a00000, 0x0000000711a00000| Untracked 
| 114|0x0000000711c00000, 0x0000000711c00000, 0x0000000711e00000|  0%| F|  |TAMS 0x0000000711c00000, 0x0000000711c00000| Untracked 
| 115|0x0000000711e00000, 0x0000000711e00000, 0x0000000712000000|  0%| F|  |TAMS 0x0000000711e00000, 0x0000000711e00000| Untracked 
| 116|0x0000000712000000, 0x0000000712000000, 0x0000000712200000|  0%| F|  |TAMS 0x0000000712000000, 0x0000000712000000| Untracked 
| 117|0x0000000712200000, 0x0000000712200000, 0x0000000712400000|  0%| F|  |TAMS 0x0000000712200000, 0x0000000712200000| Untracked 
| 118|0x0000000712400000, 0x0000000712400000, 0x0000000712600000|  0%| F|  |TAMS 0x0000000712400000, 0x0000000712400000| Untracked 
| 119|0x0000000712600000, 0x00000007127c3610, 0x0000000712800000| 88%| E|  |TAMS 0x0000000712600000, 0x0000000712600000| Complete 
| 120|0x0000000712800000, 0x0000000712a00000, 0x0000000712a00000|100%| E|CS|TAMS 0x0000000712800000, 0x0000000712800000| Complete 
| 121|0x0000000712a00000, 0x0000000712c00000, 0x0000000712c00000|100%| E|CS|TAMS 0x0000000712a00000, 0x0000000712a00000| Complete 
| 122|0x0000000712c00000, 0x0000000712e00000, 0x0000000712e00000|100%| E|CS|TAMS 0x0000000712c00000, 0x0000000712c00000| Complete 
| 123|0x0000000712e00000, 0x0000000713000000, 0x0000000713000000|100%| E|CS|TAMS 0x0000000712e00000, 0x0000000712e00000| Complete 
| 124|0x0000000713000000, 0x0000000713200000, 0x0000000713200000|100%| E|CS|TAMS 0x0000000713000000, 0x0000000713000000| Complete 
| 125|0x0000000713200000, 0x0000000713400000, 0x0000000713400000|100%| E|CS|TAMS 0x0000000713200000, 0x0000000713200000| Complete 
| 126|0x0000000713400000, 0x0000000713600000, 0x0000000713600000|100%| E|CS|TAMS 0x0000000713400000, 0x0000000713400000| Complete 

Card table byte_map: [0x000001c004070000,0x000001c004860000] _byte_map_base: 0x000001c000854000

Marking Bits (Prev, Next): (CMBitMap*) 0x000001c07c8b28e0, (CMBitMap*) 0x000001c07c8b2920
 Prev Bits: [0x000001c005050000, 0x000001c008f70000)
 Next Bits: [0x000001c008f70000, 0x000001c00ce90000)

Polling page: 0x000001c07c7b0000

Metaspace:

Usage:
  Non-class:     10.97 MB used.
      Class:      1.25 MB used.
       Both:     12.22 MB used.

Virtual space:
  Non-class space:       64.00 MB reserved,      11.00 MB ( 17%) committed,  1 nodes.
      Class space:        1.00 GB reserved,       1.31 MB ( <1%) committed,  1 nodes.
             Both:        1.06 GB reserved,      12.31 MB (  1%) committed. 

Chunk freelists:
   Non-Class:  4.86 MB
       Class:  14.72 MB
        Both:  19.58 MB

MaxMetaspaceSize: unlimited
CompressedClassSpaceSize: 1.00 GB
Initial GC threshold: 21.00 MB
Current GC threshold: 21.00 MB
CDS: off
MetaspaceReclaimPolicy: balanced
 - commit_granule_bytes: 65536.
 - commit_granule_words: 8192.
 - virtual_space_node_default_size: 8388608.
 - enlarge_chunks_in_place: 1.
 - new_chunks_are_fully_committed: 0.
 - uncommit_free_chunks: 1.
 - use_allocation_guard: 0.
 - handle_deallocations: 1.


Internal statistics:

num_allocs_failed_limit: 0.
num_arena_births: 96.
num_arena_deaths: 0.
num_vsnodes_births: 2.
num_vsnodes_deaths: 0.
num_space_committed: 197.
num_space_uncommitted: 0.
num_chunks_returned_to_freelist: 0.
num_chunks_taken_from_freelist: 163.
num_chunk_merges: 0.
num_chunk_splits: 87.
num_chunks_enlarged: 35.
num_inconsistent_stats: 0.

CodeCache: size=49152Kb used=3567Kb max_used=3567Kb free=45584Kb
 bounds [0x000001c000000000, 0x000001c000380000, 0x000001c003000000]
 total_blobs=1391 nmethods=958 adapters=359
 compilation: enabled
              stopped_count=0, restarted_count=0
 full_count=0

Compilation events (20 events):
Event: 0.582 Thread 0x000001c00fc071f0 nmethod 947 0x000001c000377990 code [0x000001c000377b40, 0x000001c000377da8]
Event: 0.582 Thread 0x000001c00fc0e910 nmethod 949 0x000001c000377f90 code [0x000001c000378180, 0x000001c000378618]
Event: 0.583 Thread 0x000001c00fc0e910  950       1       java.lang.String::regionMatches (150 bytes)
Event: 0.583 Thread 0x000001c00fa7b5d0  951       1       java.util.zip.ZipUtils::LOCSIG (6 bytes)
Event: 0.583 Thread 0x000001c00fa7b5d0 nmethod 951 0x000001c000378890 code [0x000001c000378a20, 0x000001c000378b38]
Event: 0.583 Thread 0x000001c00fc0e910 nmethod 950 0x000001c000378c10 code [0x000001c000378e00, 0x000001c0003790e8]
Event: 0.583 Thread 0x000001c00fc071f0  952       1       java.util.zip.ZipCoder$UTF8ZipCoder::toString (12 bytes)
Event: 0.583 Thread 0x000001c00fc0e910  953       1       java.lang.System$2::newStringUTF8NoRepl (7 bytes)
Event: 0.583 Thread 0x000001c00fa7b5d0  954       1       java.lang.String::newStringUTF8NoRepl (274 bytes)
Event: 0.583 Thread 0x000001c00fc0e910 nmethod 953 0x000001c000379290 code [0x000001c000379420, 0x000001c000379508]
Event: 0.583 Thread 0x000001c00fc071f0 nmethod 952 0x000001c000379590 code [0x000001c000379720, 0x000001c000379808]
Event: 0.584 Thread 0x000001c00fa7b5d0 nmethod 954 0x000001c000379890 code [0x000001c000379ac0, 0x000001c00037a638]
Event: 0.584 Thread 0x000001c00fa7b5d0  955       1       java.lang.StringLatin1::regionMatchesCI (98 bytes)
Event: 0.584 Thread 0x000001c00fa7b5d0 nmethod 955 0x000001c00037aa90 code [0x000001c00037ac80, 0x000001c00037af58]
Event: 0.584 Thread 0x000001c00fa7b5d0  956       1       java.util.zip.ZipEntry::getSize (5 bytes)
Event: 0.584 Thread 0x000001c00fa7b5d0 nmethod 956 0x000001c00037b210 code [0x000001c00037b3a0, 0x000001c00037b478]
Event: 0.585 Thread 0x000001c00fa7b5d0  957       1       java.util.ArrayDeque::addLast (51 bytes)
Event: 0.585 Thread 0x000001c00fa7b5d0 nmethod 957 0x000001c00037b510 code [0x000001c00037b6c0, 0x000001c00037b978]
Event: 0.586 Thread 0x000001c00fa7b5d0  958       1       java.util.ArrayDeque::add (7 bytes)
Event: 0.586 Thread 0x000001c00fa7b5d0 nmethod 958 0x000001c00037ba90 code [0x000001c00037bc20, 0x000001c00037bd08]

GC Heap History (0 events):
No events

Dll operation events (7 events):
Event: 0.020 Loaded shared library C:\Users\B38797\OneDrive - Interbank\Documentos\sts-4.18.1.RELEASE\plugins\org.eclipse.justj.openjdk.hotspot.jre.full.win32.x86_64_17.0.7.v20230425-1502\jre\bin\java.dll
Event: 0.222 Loaded shared library C:\Users\B38797\OneDrive - Interbank\Documentos\sts-4.18.1.RELEASE\plugins\org.eclipse.justj.openjdk.hotspot.jre.full.win32.x86_64_17.0.7.v20230425-1502\jre\bin\jimage.dll
Event: 0.235 Loaded shared library C:\Users\B38797\OneDrive - Interbank\Documentos\sts-4.18.1.RELEASE\plugins\org.eclipse.justj.openjdk.hotspot.jre.full.win32.x86_64_17.0.7.v20230425-1502\jre\bin\net.dll
Event: 0.238 Loaded shared library C:\Users\B38797\OneDrive - Interbank\Documentos\sts-4.18.1.RELEASE\plugins\org.eclipse.justj.openjdk.hotspot.jre.full.win32.x86_64_17.0.7.v20230425-1502\jre\bin\nio.dll
Event: 0.243 Loaded shared library C:\Users\B38797\OneDrive - Interbank\Documentos\sts-4.18.1.RELEASE\plugins\org.eclipse.justj.openjdk.hotspot.jre.full.win32.x86_64_17.0.7.v20230425-1502\jre\bin\zip.dll
Event: 0.312 Loaded shared library C:\Users\B38797\OneDrive - Interbank\Documentos\sts-4.18.1.RELEASE\plugins\org.eclipse.justj.openjdk.hotspot.jre.full.win32.x86_64_17.0.7.v20230425-1502\jre\bin\management.dll
Event: 0.324 Loaded shared library C:\Users\B38797\OneDrive - Interbank\Documentos\sts-4.18.1.RELEASE\plugins\org.eclipse.justj.openjdk.hotspot.jre.full.win32.x86_64_17.0.7.v20230425-1502\jre\bin\management_ext.dll

Deoptimization events (0 events):
No events

Classes unloaded (0 events):
No events

Classes redefined (0 events):
No events

Internal exceptions (12 events):
Event: 0.309 Thread 0x000001c07c847020 Exception <a 'java/lang/NoSuchMethodError'{0x0000000712d93df0}: 'java.lang.Object java.lang.invoke.DirectMethodHandle$Holder.invokeStaticInit(java.lang.Object)'> (0x0000000712d93df0) 
thrown [s\src\hotspot\share\interpreter\linkResolver.cpp, line 759]
Event: 0.328 Thread 0x000001c07c847020 Exception <a 'java/lang/NoSuchMethodError'{0x0000000712daec98}: 'int java.lang.invoke.DirectMethodHandle$Holder.invokeInterface(java.lang.Object, java.lang.Object)'> (0x0000000712daec98) 
thrown [s\src\hotspot\share\interpreter\linkResolver.cpp, line 759]
Event: 0.328 Thread 0x000001c07c847020 Exception <a 'java/lang/IncompatibleClassChangeError'{0x0000000712db2298}: Found class java.lang.Object, but interface was expected> (0x0000000712db2298) 
thrown [s\src\hotspot\share\interpreter\linkResolver.cpp, line 826]
Event: 0.329 Thread 0x000001c07c847020 Exception <a 'java/lang/NoSuchMethodError'{0x0000000712db7e48}: 'void java.lang.invoke.DirectMethodHandle$Holder.invokeStatic(java.lang.Object, java.lang.Object)'> (0x0000000712db7e48) 
thrown [s\src\hotspot\share\interpreter\linkResolver.cpp, line 759]
Event: 0.360 Thread 0x000001c07c847020 Exception <a 'java/lang/NoSuchMethodError'{0x0000000712a85d70}: 'int java.lang.invoke.DirectMethodHandle$Holder.invokeSpecial(java.lang.Object, java.lang.Object, java.lang.Object)'> (0x0000000712a85d70) 
thrown [s\src\hotspot\share\interpreter\linkResolver.cpp, line 759]
Event: 0.393 Thread 0x000001c07c847020 Exception <a 'java/lang/NoSuchMethodError'{0x0000000712b905f8}: 'void java.lang.invoke.DirectMethodHandle$Holder.invokeStatic(java.lang.Object, java.lang.Object, java.lang.Object)'> (0x0000000712b905f8) 
thrown [s\src\hotspot\share\interpreter\linkResolver.cpp, line 759]
Event: 0.471 Thread 0x000001c07c847020 Exception <a 'java/lang/NoSuchMethodError'{0x0000000712bdae80}: 'int java.lang.invoke.DirectMethodHandle$Holder.invokeSpecialIFC(java.lang.Object, java.lang.Object, java.lang.Object)'> (0x0000000712bdae80) 
thrown [s\src\hotspot\share\interpreter\linkResolver.cpp, line 759]
Event: 0.490 Thread 0x000001c07c847020 Exception <a 'java/lang/NoSuchMethodError'{0x00000007128514b0}: 'java.lang.Object java.lang.invoke.DirectMethodHandle$Holder.invokeStaticInit(java.lang.Object, int, int, int, int)'> (0x00000007128514b0) 
thrown [s\src\hotspot\share\interpreter\linkResolver.cpp, line 759]
Event: 0.503 Thread 0x000001c07c847020 Exception <a 'java/lang/Error'{0x000000071286a108}: IP Helper Library GetIfTable function failed> (0x000000071286a108) 
thrown [s\src\hotspot\share\prims\jni.cpp, line 535]
Event: 0.528 Thread 0x000001c07c847020 Exception <a 'java/lang/NoSuchMethodError'{0x00000007128c0950}: 'java.lang.Object java.lang.invoke.DirectMethodHandle$Holder.invokeStaticInit(java.lang.Object, java.lang.Object, int, int, int, int)'> (0x00000007128c0950) 
thrown [s\src\hotspot\share\interpreter\linkResolver.cpp, line 759]
Event: 0.536 Thread 0x000001c07c847020 Exception <a 'java/lang/ClassNotFoundException'{0x00000007128dc0a0}: javax/management/remote/rmi/RMIServerImpl_Skel> (0x00000007128dc0a0) 
thrown [s\src\hotspot\share\classfile\systemDictionary.cpp, line 256]
Event: 0.571 Thread 0x000001c07c847020 Exception <a 'java/lang/ClassNotFoundException'{0x0000000712659dd0}: jdk/internal/agent/resources/spi/agentProvider> (0x0000000712659dd0) 
thrown [s\src\hotspot\share\classfile\systemDictionary.cpp, line 256]

VM Operations (8 events):
Event: 0.206 Executing VM operation: HandshakeAllThreads
Event: 0.206 Executing VM operation: HandshakeAllThreads done
Event: 0.331 Executing VM operation: HandshakeAllThreads
Event: 0.331 Executing VM operation: HandshakeAllThreads done
Event: 0.402 Executing VM operation: HandshakeAllThreads
Event: 0.402 Executing VM operation: HandshakeAllThreads done
Event: 0.482 Executing VM operation: HandshakeAllThreads
Event: 0.482 Executing VM operation: HandshakeAllThreads done

Events (20 events):
Event: 0.578 loading class sun/nio/cs/SingleByte
Event: 0.578 loading class sun/nio/cs/SingleByte done
Event: 0.578 loading class jdk/internal/loader/URLClassPath$FileLoader$1
Event: 0.578 loading class jdk/internal/loader/Resource
Event: 0.579 loading class jdk/internal/loader/Resource done
Event: 0.579 loading class jdk/internal/loader/URLClassPath$FileLoader$1 done
Event: 0.579 loading class java/lang/Package
Event: 0.579 loading class java/lang/Package done
Event: 0.579 loading class java/lang/Package$VersionInfo
Event: 0.579 loading class java/lang/Package$VersionInfo done
Event: 0.579 loading class sun/nio/ByteBuffered
Event: 0.579 loading class sun/nio/ByteBuffered done
Event: 0.580 loading class jdk/internal/loader/URLClassPath$JarLoader$2
Event: 0.580 loading class jdk/internal/loader/URLClassPath$JarLoader$2 done
Event: 0.580 loading class java/util/zip/CRC32
Event: 0.580 loading class java/util/zip/Checksum
Event: 0.580 loading class java/util/zip/Checksum done
Event: 0.580 loading class java/util/zip/CRC32 done
Event: 0.580 loading class java/util/zip/Checksum$1
Event: 0.580 loading class java/util/zip/Checksum$1 done


Dynamic libraries:
0x00007ff611cf0000 - 0x00007ff611cfe000 	C:\Users\B38797\OneDrive - Interbank\Documentos\sts-4.18.1.RELEASE\plugins\org.eclipse.justj.openjdk.hotspot.jre.full.win32.x86_64_17.0.7.v20230425-1502\jre\bin\javaw.exe
0x00007ffad20d0000 - 0x00007ffad22c8000 	C:\WINDOWS\SYSTEM32\ntdll.dll
0x00007ffad1bc0000 - 0x00007ffad1c7d000 	C:\WINDOWS\System32\KERNEL32.DLL
0x00007ffacfd00000 - 0x00007ffacfff6000 	C:\WINDOWS\System32\KERNELBASE.dll
0x00007ffad0000000 - 0x00007ffad0100000 	C:\WINDOWS\System32\ucrtbase.dll
0x00007ffa8cbc0000 - 0x00007ffa8cbd7000 	C:\Users\B38797\OneDrive - Interbank\Documentos\sts-4.18.1.RELEASE\plugins\org.eclipse.justj.openjdk.hotspot.jre.full.win32.x86_64_17.0.7.v20230425-1502\jre\bin\jli.dll
0x00007ffa8cbe0000 - 0x00007ffa8cbf9000 	C:\Users\B38797\OneDrive - Interbank\Documentos\sts-4.18.1.RELEASE\plugins\org.eclipse.justj.openjdk.hotspot.jre.full.win32.x86_64_17.0.7.v20230425-1502\jre\bin\VCRUNTIME140.dll
0x00007ffad0550000 - 0x00007ffad06ef000 	C:\WINDOWS\System32\USER32.dll
0x00007ffacf7b0000 - 0x00007ffacf7d2000 	C:\WINDOWS\System32\win32u.dll
0x00007ffacdc10000 - 0x00007ffacdeaa000 	C:\WINDOWS\WinSxS\amd64_microsoft.windows.common-controls_6595b64144ccf1df_6.0.19041.4355_none_60b8b9eb71f62e16\COMCTL32.dll
0x00007ffad06f0000 - 0x00007ffad071b000 	C:\WINDOWS\System32\GDI32.dll
0x00007ffad10e0000 - 0x00007ffad117e000 	C:\WINDOWS\System32\msvcrt.dll
0x00007ffacfbe0000 - 0x00007ffacfcf7000 	C:\WINDOWS\System32\gdi32full.dll
0x00007ffacf930000 - 0x00007ffacf9cd000 	C:\WINDOWS\System32\msvcp_win.dll
0x00007ffad1710000 - 0x00007ffad1742000 	C:\WINDOWS\System32\IMM32.DLL
0x000001c07c7d0000 - 0x000001c07c7e4000 	C:\WINDOWS\System32\umppc18408.dll
0x00007ffaa40f0000 - 0x00007ffaa40fc000 	C:\Users\B38797\OneDrive - Interbank\Documentos\sts-4.18.1.RELEASE\plugins\org.eclipse.justj.openjdk.hotspot.jre.full.win32.x86_64_17.0.7.v20230425-1502\jre\bin\vcruntime140_1.dll
0x00007ffa5cd10000 - 0x00007ffa5cda1000 	C:\Users\B38797\OneDrive - Interbank\Documentos\sts-4.18.1.RELEASE\plugins\org.eclipse.justj.openjdk.hotspot.jre.full.win32.x86_64_17.0.7.v20230425-1502\jre\bin\msvcp140.dll
0x00007ffa0f0b0000 - 0x00007ffa0fcf8000 	C:\Users\B38797\OneDrive - Interbank\Documentos\sts-4.18.1.RELEASE\plugins\org.eclipse.justj.openjdk.hotspot.jre.full.win32.x86_64_17.0.7.v20230425-1502\jre\bin\server\jvm.dll
0x00007ffad0230000 - 0x00007ffad02e0000 	C:\WINDOWS\System32\ADVAPI32.dll
0x00007ffad1670000 - 0x00007ffad1710000 	C:\WINDOWS\System32\sechost.dll
0x00007ffad02e0000 - 0x00007ffad0403000 	C:\WINDOWS\System32\RPCRT4.dll
0x00007ffacf780000 - 0x00007ffacf7a7000 	C:\WINDOWS\System32\bcrypt.dll
0x00007ffaad750000 - 0x00007ffaad759000 	C:\WINDOWS\SYSTEM32\WSOCK32.dll
0x00007ffad1e60000 - 0x00007ffad1ecb000 	C:\WINDOWS\System32\WS2_32.dll
0x00007ffaab6c0000 - 0x00007ffaab6e7000 	C:\WINDOWS\SYSTEM32\WINMM.dll
0x00007ffac63a0000 - 0x00007ffac63aa000 	C:\WINDOWS\SYSTEM32\VERSION.dll
0x00007ffacd530000 - 0x00007ffacd542000 	C:\WINDOWS\SYSTEM32\kernel.appcore.dll
0x00007ffac7090000 - 0x00007ffac709a000 	C:\Users\B38797\OneDrive - Interbank\Documentos\sts-4.18.1.RELEASE\plugins\org.eclipse.justj.openjdk.hotspot.jre.full.win32.x86_64_17.0.7.v20230425-1502\jre\bin\jimage.dll
0x00007ffacd060000 - 0x00007ffacd244000 	C:\WINDOWS\SYSTEM32\DBGHELP.DLL
0x00007ffaac990000 - 0x00007ffaac9c4000 	C:\WINDOWS\SYSTEM32\dbgcore.DLL
0x00007ffacf8a0000 - 0x00007ffacf922000 	C:\WINDOWS\System32\bcryptPrimitives.dll
0x00007ffa80e00000 - 0x00007ffa80e25000 	C:\Users\B38797\OneDrive - Interbank\Documentos\sts-4.18.1.RELEASE\plugins\org.eclipse.justj.openjdk.hotspot.jre.full.win32.x86_64_17.0.7.v20230425-1502\jre\bin\java.dll
0x00007ffabaff0000 - 0x00007ffabb008000 	C:\Users\B38797\OneDrive - Interbank\Documentos\sts-4.18.1.RELEASE\plugins\org.eclipse.justj.openjdk.hotspot.jre.full.win32.x86_64_17.0.7.v20230425-1502\jre\bin\zip.dll
0x00007ffad0720000 - 0x00007ffad0e8b000 	C:\WINDOWS\System32\SHELL32.dll
0x00007ffacc7f0000 - 0x00007ffaccf8d000 	C:\WINDOWS\SYSTEM32\windows.storage.dll
0x00007ffad1230000 - 0x00007ffad1583000 	C:\WINDOWS\System32\combase.dll
0x00007ffacf0c0000 - 0x00007ffacf0ee000 	C:\WINDOWS\SYSTEM32\Wldp.dll
0x00007ffad1ef0000 - 0x00007ffad1fbd000 	C:\WINDOWS\System32\OLEAUT32.dll
0x00007ffad1180000 - 0x00007ffad122d000 	C:\WINDOWS\System32\SHCORE.dll
0x00007ffad04f0000 - 0x00007ffad0545000 	C:\WINDOWS\System32\shlwapi.dll
0x00007ffacf6b0000 - 0x00007ffacf6d4000 	C:\WINDOWS\SYSTEM32\profapi.dll
0x00007ffa88430000 - 0x00007ffa88449000 	C:\Users\B38797\OneDrive - Interbank\Documentos\sts-4.18.1.RELEASE\plugins\org.eclipse.justj.openjdk.hotspot.jre.full.win32.x86_64_17.0.7.v20230425-1502\jre\bin\net.dll
0x00007fface6f0000 - 0x00007fface7fa000 	C:\WINDOWS\SYSTEM32\WINHTTP.dll
0x00007ffaceea0000 - 0x00007ffacef0a000 	C:\WINDOWS\system32\mswsock.dll
0x00007ffa86ba0000 - 0x00007ffa86bb5000 	C:\Users\B38797\OneDrive - Interbank\Documentos\sts-4.18.1.RELEASE\plugins\org.eclipse.justj.openjdk.hotspot.jre.full.win32.x86_64_17.0.7.v20230425-1502\jre\bin\nio.dll
0x00007ffa988c0000 - 0x00007ffa988c9000 	C:\Users\B38797\OneDrive - Interbank\Documentos\sts-4.18.1.RELEASE\plugins\org.eclipse.justj.openjdk.hotspot.jre.full.win32.x86_64_17.0.7.v20230425-1502\jre\bin\management.dll
0x00007ffa91420000 - 0x00007ffa9142b000 	C:\Users\B38797\OneDrive - Interbank\Documentos\sts-4.18.1.RELEASE\plugins\org.eclipse.justj.openjdk.hotspot.jre.full.win32.x86_64_17.0.7.v20230425-1502\jre\bin\management_ext.dll
0x00007ffad1fc0000 - 0x00007ffad1fc8000 	C:\WINDOWS\System32\PSAPI.DLL
0x00007ffab6a20000 - 0x00007ffab6a37000 	C:\WINDOWS\system32\napinsp.dll
0x00007ffab6a40000 - 0x00007ffab6a5b000 	C:\WINDOWS\system32\pnrpnsp.dll
0x00007ffac98a0000 - 0x00007ffac98b5000 	C:\WINDOWS\system32\wshbth.dll
0x00007ffaca350000 - 0x00007ffaca36d000 	C:\WINDOWS\system32\NLAapi.dll
0x00007ffaceb50000 - 0x00007ffaceb8b000 	C:\WINDOWS\SYSTEM32\IPHLPAPI.DLL
0x00007ffaceb90000 - 0x00007ffacec5b000 	C:\WINDOWS\SYSTEM32\DNSAPI.dll
0x00007ffad10d0000 - 0x00007ffad10d8000 	C:\WINDOWS\System32\NSI.dll
0x00007ffab6a60000 - 0x00007ffab6a72000 	C:\WINDOWS\System32\winrnr.dll
0x00007ffac6390000 - 0x00007ffac639a000 	C:\Windows\System32\rasadhlp.dll
0x00007ffac8e90000 - 0x00007ffac8f10000 	C:\WINDOWS\System32\fwpuclnt.dll
0x00007ffacf100000 - 0x00007ffacf118000 	C:\WINDOWS\SYSTEM32\CRYPTSP.dll
0x00007fface660000 - 0x00007fface694000 	C:\WINDOWS\system32\rsaenh.dll
0x00007ffacf620000 - 0x00007ffacf64e000 	C:\WINDOWS\SYSTEM32\USERENV.dll
0x00007ffacf030000 - 0x00007ffacf03c000 	C:\WINDOWS\SYSTEM32\CRYPTBASE.dll
0x00007ffac8c00000 - 0x00007ffac8c17000 	C:\WINDOWS\SYSTEM32\dhcpcsvc6.DLL
0x00007ffac8b90000 - 0x00007ffac8bad000 	C:\WINDOWS\SYSTEM32\dhcpcsvc.DLL

dbghelp: loaded successfully - version: 4.0.5 - missing functions: none
symbol engine: initialized successfully - sym options: 0x614 - pdb path: .;C:\Users\B38797\OneDrive - Interbank\Documentos\sts-4.18.1.RELEASE\plugins\org.eclipse.justj.openjdk.hotspot.jre.full.win32.x86_64_17.0.7.v20230425-1502\jre\bin;C:\WINDOWS\SYSTEM32;C:\WINDOWS\WinSxS\amd64_microsoft.windows.common-controls_6595b64144ccf1df_6.0.19041.4355_none_60b8b9eb71f62e16;C:\Users\B38797\OneDrive - Interbank\Documentos\sts-4.18.1.RELEASE\plugins\org.eclipse.justj.openjdk.hotspot.jre.full.win32.x86_64_17.0.7.v20230425-1502\jre\bin\server

VM Arguments:
jvm_args: -Dcom.sun.management.jmxremote -Dcom.sun.management.jmxremote.port=58379 -Dcom.sun.management.jmxremote.authenticate=false -Dcom.sun.management.jmxremote.ssl=false -Djava.rmi.server.hostname=localhost -Dspring.jmx.enabled=true -Dmanagement.endpoints.jmx.exposure.include=* -Dspring.application.admin.enabled=true -XX:TieredStopAtLevel=1 -Dspring.boot.project.name=provisioning -Dfile.encoding=UTF-8 -XX:+ShowCodeDetailsInExceptionMessages 
java_command: com.hacom.ussdmxaprovisionamiento.UssdMxAprovisionamientoApplication --spring.output.ansi.enabled=always
java_class_path (initial): C:\Users\B38797\Documents\workspace-spring-tool-suite-4-4.18.1.RELEASE\provisioning\target\classes;C:\Users\B38797\.m2\repository\org\springframework\boot\spring-boot-starter-data-mongodb-reactive\2.7.16\spring-boot-starter-data-mongodb-reactive-2.7.16.jar;C:\Users\B38797\.m2\repository\org\springframework\boot\spring-boot-starter\2.7.16\spring-boot-starter-2.7.16.jar;C:\Users\B38797\.m2\repository\org\springframework\boot\spring-boot-starter-logging\2.7.16\spring-boot-starter-logging-2.7.16.jar;C:\Users\B38797\.m2\repository\ch\qos\logback\logback-classic\1.2.12\logback-classic-1.2.12.jar;C:\Users\B38797\.m2\repository\ch\qos\logback\logback-core\1.2.12\logback-core-1.2.12.jar;C:\Users\B38797\.m2\repository\org\apache\logging\log4j\log4j-to-slf4j\2.17.2\log4j-to-slf4j-2.17.2.jar;C:\Users\B38797\.m2\repository\org\slf4j\jul-to-slf4j\1.7.36\jul-to-slf4j-1.7.36.jar;C:\Users\B38797\.m2\repository\org\yaml\snakeyaml\1.30\snakeyaml-1.30.jar;C:\Users\B38797\.m2\repository\io\projectreactor\reactor-core\3.4.32\reactor-core-3.4.32.jar;C:\Users\B38797\.m2\repository\org\reactivestreams\reactive-streams\1.0.4\reactive-streams-1.0.4.jar;C:\Users\B38797\.m2\repository\org\mongodb\mongodb-driver-reactivestreams\4.6.1\mongodb-driver-reactivestreams-4.6.1.jar;C:\Users\B38797\.m2\repository\org\mongodb\bson\4.6.1\bson-4.6.1.jar;C:\Users\B38797\.m2\repository\org\mongodb\mongodb-driver-core\4.6.1\mongodb-driver-core-4.6.1.jar;C:\Users\B38797\.m2\repository\org\mongodb\bson-record-codec\4.6.1\bson-record-codec-4.6.1.jar;C:\Users\B38797\.m2\repository\org\springframework\data\spring-data-mongodb\3.4.16\spring-data-mongodb-3.4.16.jar;C:\Users\B38797\.m2\repository\org\springframework\spring-tx\5.3.30\spring-tx-5.3.30.jar;C:\Users\B38797\.m2\repository\org\springframework\spring-context\5.3.30\spring-context-5.3.30.jar;C:\Users\B38797\.m2\repository\org\springframework\spring-expression\5.3.30\spring-expression-5.3.30.jar;C:\Users\B38797\.m2\repository\org\s
Launcher Type: SUN_STANDARD

[Global flags]
     intx CICompilerCount                          = 4                                         {product} {ergonomic}
     uint ConcGCThreads                            = 2                                         {product} {ergonomic}
     uint G1ConcRefinementThreads                  = 8                                         {product} {ergonomic}
   size_t G1HeapRegionSize                         = 2097152                                   {product} {ergonomic}
    uintx GCDrainStackTargetSize                   = 64                                        {product} {ergonomic}
   size_t InitialHeapSize                          = 266338304                                 {product} {ergonomic}
     bool ManagementServer                         = true                                      {product} {command line}
   size_t MarkStackSize                            = 4194304                                   {product} {ergonomic}
   size_t MaxHeapSize                              = 4236247040                                {product} {ergonomic}
   size_t MaxNewSize                               = 2541748224                                {product} {ergonomic}
   size_t MinHeapDeltaBytes                        = 2097152                                   {product} {ergonomic}
   size_t MinHeapSize                              = 8388608                                   {product} {ergonomic}
    uintx NonProfiledCodeHeapSize                  = 0                                      {pd product} {ergonomic}
     bool ProfileInterpreter                       = false                                  {pd product} {command line}
    uintx ProfiledCodeHeapSize                     = 0                                      {pd product} {ergonomic}
     bool ShowCodeDetailsInExceptionMessages       = true                                   {manageable} {command line}
   size_t SoftMaxHeapSize                          = 4236247040                             {manageable} {ergonomic}
     intx TieredStopAtLevel                        = 1                                         {product} {command line}
     bool UseCompressedClassPointers               = true                           {product lp64_product} {ergonomic}
     bool UseCompressedOops                        = true                           {product lp64_product} {ergonomic}
     bool UseG1GC                                  = true                                      {product} {ergonomic}
     bool UseLargePagesIndividualAllocation        = false                                  {pd product} {ergonomic}

Logging:
Log output configuration:
 #0: stdout all=warning uptime,level,tags
 #1: stderr all=off uptime,level,tags

Environment Variables:
JAVA_HOME=C:\Program Files\Java\jdk-17.0.1
PATH=C:/Users/B38797/OneDrive - Interbank/Documentos/sts-4.18.1.RELEASE//plugins/org.eclipse.justj.openjdk.hotspot.jre.full.win32.x86_64_17.0.7.v20230425-1502/jre/bin/server;C:/Users/B38797/OneDrive - Interbank/Documentos/sts-4.18.1.RELEASE//plugins/org.eclipse.justj.openjdk.hotspot.jre.full.win32.x86_64_17.0.7.v20230425-1502/jre/bin;C:\Users\B38797\Desktop\oracle\bin;C:\Users\B38797\Downloads\WINDOWS.X64_193000_db_home\bin;C:\Program Files (x86)\Microsoft SDKs\Azure\CLI2\wbin;C:\ProgramData\Oracle\Java\javapath;C:\Program Files\Teradata\Client\15.10\bin;C:\Program Files (x86)\Teradata\Client\15.10\bin;C:\Program Files\Common Files\Oracle\Java\javapath;C:\WINDOWS\system32;C:\WINDOWS;C:\WINDOWS\System32\Wbem;C:\WINDOWS\System32\WindowsPowerShell\v1.0\;C:\WINDOWS\System32\OpenSSH\;C:\Program Files\PuTTY\;C:\Program Files\nodejs\;C:\Program Files (x86)\Yarn\bin\;C:\Program Files (x86)\Microsoft SQL Server\160\Tools\Binn\;C:\Program Files\Microsoft SQL Server\160\Tools\Binn\;C:\Program Files\Microsoft SQL Server\Client SDK\ODBC\170\Tools\Binn\;C:\Program Files\Microsoft SQL Server\160\DTS\Binn\;C:\Program Files (x86)\Microsoft SQL Server\160\DTS\Binn\;C:\Program Files\Azure Data Studio\bin;C:\Program Files\Maven\apache-maven-3.9.2\bin;C:\Users\B38797\kubectl;C:\Users\B38797\AppData\Local\Programs\Python\Python311\;C:\Users\B38797\AppData\Local\Programs\Python\Python311\Scripts\;C:\Program Files\Redis\;C:\Program Files\Docker\Docker\resources\bin;C:\Program Files\MongoDB\Server\7.0\bin;C:\Program Files\Java\jdk-17.0.1\bin;C:\Program Files\MySQL\MySQL Shell 8.0\bin\;C:\Users\B38797\AppData\Local\Microsoft\WindowsApps;C:\Users\B38797\AppData\Local\Programs\Microsoft VS Code\bin;C:\Users\B38797\AppData\Local\Programs\Git\cmd;C:\Users\B38797\AppData\Roaming\npm;C:\Users\B38797\AppData\Local\Google\Cloud SDK\google-cloud-sdk\bin;C:\Users\B38797\AppData\Local\Yarn\bin;C:\Program Files\Azure Data Studio\bin;C:\Users\B38797\.azure-kubectl;C:\Users\B38797\.azure-kubelogin;C:\Users\B
USERNAME=B38797
OS=Windows_NT
PROCESSOR_IDENTIFIER=Intel64 Family 6 Model 142 Stepping 12, GenuineIntel
TMP=C:\Users\B38797\AppData\Local\Temp
TEMP=C:\Users\B38797\AppData\Local\Temp



---------------  S Y S T E M  ---------------

OS:
 Windows 10 , 64 bit Build 19041 (10.0.19041.3636)
OS uptime: 0 days 4:05 hours
Hyper-V role detected

CPU: total 8 (initial active 8) (4 cores per cpu, 2 threads per core) family 6 model 142 stepping 12 microcode 0xfa, cx8, cmov, fxsr, ht, mmx, 3dnowpref, sse, sse2, sse3, ssse3, sse4.1, sse4.2, popcnt, lzcnt, tsc, tscinvbit, avx, avx2, aes, erms, clmul, bmi1, bmi2, adx, fma, vzeroupper, clflush, clflushopt, hv

Memory: 4k page, system-wide physical 16157M (2100M free)
TotalPageFile size 24877M (AvailPageFile size 3M)
current process WorkingSet (physical memory assigned to process): 61M, peak: 61M
current process commit charge ("private bytes"): 347M, peak: 347M

vm_info: OpenJDK 64-Bit Server VM (17.0.7+7) for windows-amd64 JRE (17.0.7+7), built on Apr 18 2023 22:10:42 by "temurin" with MS VC++ 16.7 (VS2019)

END.
